{"C:\\Users\\USER\\Desktop\\Med App Mgmt Sys\\Backend\\src\\index.ts": {"path":"C:\\Users\\USER\\Desktop\\Med App Mgmt Sys\\Backend\\src\\index.ts","statementMap":{"0":{"start":{"line":1,"column":0},"end":{"line":1,"column":30}},"1":{"start":{"line":2,"column":0},"end":{"line":2,"column":45}},"2":{"start":{"line":3,"column":0},"end":{"line":3,"column":52}},"3":{"start":{"line":4,"column":0},"end":{"line":4,"column":67}},"4":{"start":{"line":5,"column":0},"end":{"line":5,"column":24}},"5":{"start":{"line":6,"column":0},"end":{"line":6,"column":55}},"6":{"start":{"line":7,"column":0},"end":{"line":7,"column":69}},"7":{"start":{"line":8,"column":0},"end":{"line":8,"column":61}},"8":{"start":{"line":10,"column":22},"end":{"line":30,"column":1}},"9":{"start":{"line":11,"column":14},"end":{"line":11,"column":23}},"10":{"start":{"line":13,"column":2},"end":{"line":13,"column":26}},"11":{"start":{"line":15,"column":2},"end":{"line":19,"column":4}},"12":{"start":{"line":22,"column":2},"end":{"line":22,"column":18}},"13":{"start":{"line":23,"column":2},"end":{"line":23,"column":20}},"14":{"start":{"line":24,"column":2},"end":{"line":24,"column":25}},"15":{"start":{"line":25,"column":2},"end":{"line":25,"column":21}},"16":{"start":{"line":26,"column":2},"end":{"line":26,"column":26}},"17":{"start":{"line":27,"column":2},"end":{"line":27,"column":23}},"18":{"start":{"line":29,"column":2},"end":{"line":29,"column":13}},"19":{"start":{"line":32,"column":12},"end":{"line":32,"column":27}},"20":{"start":{"line":33,"column":0},"end":{"line":33,"column":19}}},"fnMap":{"0":{"name":"(anonymous_1)","decl":{"start":{"line":10,"column":22},"end":{"line":10,"column":25}},"loc":{"start":{"line":10,"column":27},"end":{"line":30,"column":1}}}},"branchMap":{},"s":{"0":0,"1":0,"2":0,"3":0,"4":0,"5":0,"6":0,"7":0,"8":0,"9":0,"10":0,"11":0,"12":0,"13":0,"14":0,"15":0,"16":0,"17":0,"18":0,"19":0,"20":0},"f":{"0":0},"b":{}}
,"C:\\Users\\USER\\Desktop\\Med App Mgmt Sys\\Backend\\src\\server.ts": {"path":"C:\\Users\\USER\\Desktop\\Med App Mgmt Sys\\Backend\\src\\server.ts","statementMap":{"0":{"start":{"line":2,"column":0},"end":{"line":2,"column":25}},"1":{"start":{"line":4,"column":0},"end":{"line":6,"column":null}},"2":{"start":{"line":5,"column":4},"end":{"line":5,"column":62}}},"fnMap":{"0":{"name":"(anonymous_1)","decl":{"start":{"line":4,"column":17},"end":{"line":4,"column":20}},"loc":{"start":{"line":4,"column":22},"end":{"line":6,"column":1}}}},"branchMap":{},"s":{"0":0,"1":0,"2":0},"f":{"0":0},"b":{}}
,"C:\\Users\\USER\\Desktop\\Med App Mgmt Sys\\Backend\\src\\Appointments\\appointments.controller.ts": {"path":"C:\\Users\\USER\\Desktop\\Med App Mgmt Sys\\Backend\\src\\Appointments\\appointments.controller.ts","statementMap":{"0":{"start":{"line":2,"column":0},"end":{"line":2,"column":61}},"1":{"start":{"line":3,"column":0},"end":{"line":3,"column":63}},"2":{"start":{"line":6,"column":33},"end":{"line":32,"column":1}},"3":{"start":{"line":7,"column":14},"end":{"line":7,"column":24}},"4":{"start":{"line":9,"column":26},"end":{"line":13,"column":4}},"5":{"start":{"line":15,"column":25},"end":{"line":15,"column":84}},"6":{"start":{"line":16,"column":22},"end":{"line":16,"column":39}},"7":{"start":{"line":19,"column":22},"end":{"line":27,"column":4}},"8":{"start":{"line":29,"column":2},"end":{"line":29,"column":50}},"9":{"start":{"line":31,"column":2},"end":{"line":31,"column":36}},"10":{"start":{"line":6,"column":13},"end":{"line":6,"column":33}},"11":{"start":{"line":36,"column":34},"end":{"line":39,"column":1}},"12":{"start":{"line":37,"column":23},"end":{"line":37,"column":68}},"13":{"start":{"line":38,"column":2},"end":{"line":38,"column":25}},"14":{"start":{"line":36,"column":13},"end":{"line":36,"column":34}},"15":{"start":{"line":42,"column":34},"end":{"line":51,"column":1}},"16":{"start":{"line":43,"column":17},"end":{"line":43,"column":27}},"17":{"start":{"line":44,"column":22},"end":{"line":44,"column":77}},"18":{"start":{"line":46,"column":2},"end":{"line":48,"column":3}},"19":{"start":{"line":47,"column":4},"end":{"line":47,"column":70}},"20":{"start":{"line":50,"column":2},"end":{"line":50,"column":24}},"21":{"start":{"line":42,"column":13},"end":{"line":42,"column":34}},"22":{"start":{"line":54,"column":33},"end":{"line":71,"column":1}},"23":{"start":{"line":55,"column":17},"end":{"line":55,"column":27}},"24":{"start":{"line":58,"column":30},"end":{"line":58,"column":85}},"25":{"start":{"line":59,"column":2},"end":{"line":61,"column":3}},"26":{"start":{"line":60,"column":4},"end":{"line":60,"column":70}},"27":{"start":{"line":63,"column":26},"end":{"line":67,"column":4}},"28":{"start":{"line":69,"column":29},"end":{"line":69,"column":100}},"29":{"start":{"line":70,"column":2},"end":{"line":70,"column":31}},"30":{"start":{"line":54,"column":13},"end":{"line":54,"column":33}},"31":{"start":{"line":74,"column":33},"end":{"line":78,"column":1}},"32":{"start":{"line":75,"column":17},"end":{"line":75,"column":27}},"33":{"start":{"line":76,"column":29},"end":{"line":76,"column":83}},"34":{"start":{"line":77,"column":2},"end":{"line":77,"column":31}},"35":{"start":{"line":74,"column":13},"end":{"line":74,"column":33}}},"fnMap":{"0":{"name":"(anonymous_9)","decl":{"start":{"line":6,"column":33},"end":{"line":6,"column":38}},"loc":{"start":{"line":6,"column":71},"end":{"line":32,"column":1}}},"1":{"name":"(anonymous_10)","decl":{"start":{"line":36,"column":34},"end":{"line":36,"column":39}},"loc":{"start":{"line":36,"column":72},"end":{"line":39,"column":1}}},"2":{"name":"(anonymous_11)","decl":{"start":{"line":42,"column":34},"end":{"line":42,"column":39}},"loc":{"start":{"line":42,"column":72},"end":{"line":51,"column":1}}},"3":{"name":"(anonymous_12)","decl":{"start":{"line":54,"column":33},"end":{"line":54,"column":38}},"loc":{"start":{"line":54,"column":71},"end":{"line":71,"column":1}}},"4":{"name":"(anonymous_13)","decl":{"start":{"line":74,"column":33},"end":{"line":74,"column":38}},"loc":{"start":{"line":74,"column":71},"end":{"line":78,"column":1}}}},"branchMap":{"0":{"loc":{"start":{"line":46,"column":2},"end":{"line":48,"column":3}},"type":"if","locations":[{"start":{"line":46,"column":2},"end":{"line":48,"column":3}},{"start":{},"end":{}}]},"1":{"loc":{"start":{"line":59,"column":2},"end":{"line":61,"column":3}},"type":"if","locations":[{"start":{"line":59,"column":2},"end":{"line":61,"column":3}},{"start":{},"end":{}}]}},"s":{"0":1,"1":1,"2":1,"3":1,"4":1,"5":1,"6":1,"7":1,"8":1,"9":1,"10":1,"11":1,"12":1,"13":1,"14":1,"15":1,"16":2,"17":2,"18":2,"19":1,"20":1,"21":1,"22":1,"23":2,"24":2,"25":2,"26":1,"27":1,"28":1,"29":1,"30":1,"31":1,"32":1,"33":1,"34":1,"35":1},"f":{"0":1,"1":1,"2":2,"3":2,"4":1},"b":{"0":[1,1],"1":[1,1]}}
,"C:\\Users\\USER\\Desktop\\Med App Mgmt Sys\\Backend\\src\\Appointments\\appointments.router.ts": {"path":"C:\\Users\\USER\\Desktop\\Med App Mgmt Sys\\Backend\\src\\Appointments\\appointments.router.ts","statementMap":{"0":{"start":{"line":2,"column":0},"end":{"line":2,"column":null}},"1":{"start":{"line":10,"column":26},"end":{"line":55,"column":1}},"2":{"start":{"line":12,"column":2},"end":{"line":18,"column":5}},"3":{"start":{"line":13,"column":4},"end":{"line":17,"column":5}},"4":{"start":{"line":14,"column":6},"end":{"line":14,"column":40}},"5":{"start":{"line":16,"column":6},"end":{"line":16,"column":18}},"6":{"start":{"line":21,"column":2},"end":{"line":27,"column":5}},"7":{"start":{"line":22,"column":4},"end":{"line":26,"column":5}},"8":{"start":{"line":23,"column":6},"end":{"line":23,"column":41}},"9":{"start":{"line":25,"column":6},"end":{"line":25,"column":18}},"10":{"start":{"line":30,"column":2},"end":{"line":36,"column":5}},"11":{"start":{"line":31,"column":4},"end":{"line":35,"column":5}},"12":{"start":{"line":32,"column":6},"end":{"line":32,"column":41}},"13":{"start":{"line":34,"column":6},"end":{"line":34,"column":18}},"14":{"start":{"line":39,"column":2},"end":{"line":45,"column":5}},"15":{"start":{"line":40,"column":4},"end":{"line":44,"column":5}},"16":{"start":{"line":41,"column":6},"end":{"line":41,"column":40}},"17":{"start":{"line":43,"column":6},"end":{"line":43,"column":18}},"18":{"start":{"line":48,"column":2},"end":{"line":54,"column":5}},"19":{"start":{"line":49,"column":4},"end":{"line":53,"column":5}},"20":{"start":{"line":50,"column":6},"end":{"line":50,"column":40}},"21":{"start":{"line":52,"column":6},"end":{"line":52,"column":18}},"22":{"start":{"line":57,"column":0},"end":{"line":57,"column":33}}},"fnMap":{"0":{"name":"(anonymous_0)","decl":{"start":{"line":10,"column":26},"end":{"line":10,"column":27}},"loc":{"start":{"line":10,"column":43},"end":{"line":55,"column":1}}},"1":{"name":"(anonymous_1)","decl":{"start":{"line":12,"column":34},"end":{"line":12,"column":39}},"loc":{"start":{"line":12,"column":59},"end":{"line":18,"column":3}}},"2":{"name":"(anonymous_2)","decl":{"start":{"line":21,"column":33},"end":{"line":21,"column":38}},"loc":{"start":{"line":21,"column":58},"end":{"line":27,"column":3}}},"3":{"name":"(anonymous_3)","decl":{"start":{"line":30,"column":37},"end":{"line":30,"column":42}},"loc":{"start":{"line":30,"column":62},"end":{"line":36,"column":3}}},"4":{"name":"(anonymous_4)","decl":{"start":{"line":39,"column":39},"end":{"line":39,"column":44}},"loc":{"start":{"line":39,"column":64},"end":{"line":45,"column":3}}},"5":{"name":"(anonymous_5)","decl":{"start":{"line":48,"column":40},"end":{"line":48,"column":45}},"loc":{"start":{"line":48,"column":65},"end":{"line":54,"column":3}}}},"branchMap":{},"s":{"0":0,"1":0,"2":0,"3":0,"4":0,"5":0,"6":0,"7":0,"8":0,"9":0,"10":0,"11":0,"12":0,"13":0,"14":0,"15":0,"16":0,"17":0,"18":0,"19":0,"20":0,"21":0,"22":0},"f":{"0":0,"1":0,"2":0,"3":0,"4":0,"5":0},"b":{}}
,"C:\\Users\\USER\\Desktop\\Med App Mgmt Sys\\Backend\\src\\Appointments\\appointments.service.ts": {"path":"C:\\Users\\USER\\Desktop\\Med App Mgmt Sys\\Backend\\src\\Appointments\\appointments.service.ts","statementMap":{"0":{"start":{"line":1,"column":0},"end":{"line":1,"column":33}},"1":{"start":{"line":2,"column":0},"end":{"line":2,"column":31}},"2":{"start":{"line":3,"column":0},"end":{"line":3,"column":132}},"3":{"start":{"line":6,"column":34},"end":{"line":11,"column":83}},"4":{"start":{"line":7,"column":2},"end":{"line":11,"column":83}},"5":{"start":{"line":6,"column":13},"end":{"line":6,"column":34}},"6":{"start":{"line":14,"column":34},"end":{"line":26,"column":1}},"7":{"start":{"line":15,"column":17},"end":{"line":23,"column":87}},"8":{"start":{"line":25,"column":2},"end":{"line":25,"column":19}},"9":{"start":{"line":14,"column":13},"end":{"line":14,"column":34}},"10":{"start":{"line":29,"column":33},"end":{"line":30,"column":55}},"11":{"start":{"line":30,"column":2},"end":{"line":30,"column":55}},"12":{"start":{"line":29,"column":13},"end":{"line":29,"column":33}},"13":{"start":{"line":33,"column":33},"end":{"line":34,"column":90}},"14":{"start":{"line":34,"column":2},"end":{"line":34,"column":90}},"15":{"start":{"line":33,"column":13},"end":{"line":33,"column":33}},"16":{"start":{"line":37,"column":33},"end":{"line":38,"column":80}},"17":{"start":{"line":38,"column":2},"end":{"line":38,"column":80}},"18":{"start":{"line":37,"column":13},"end":{"line":37,"column":33}}},"fnMap":{"0":{"name":"(anonymous_1)","decl":{"start":{"line":6,"column":34},"end":{"line":6,"column":37}},"loc":{"start":{"line":7,"column":2},"end":{"line":11,"column":83}}},"1":{"name":"(anonymous_2)","decl":{"start":{"line":14,"column":34},"end":{"line":14,"column":39}},"loc":{"start":{"line":14,"column":55},"end":{"line":26,"column":1}}},"2":{"name":"(anonymous_3)","decl":{"start":{"line":29,"column":33},"end":{"line":29,"column":34}},"loc":{"start":{"line":30,"column":2},"end":{"line":30,"column":55}}},"3":{"name":"(anonymous_4)","decl":{"start":{"line":33,"column":33},"end":{"line":33,"column":34}},"loc":{"start":{"line":34,"column":2},"end":{"line":34,"column":90}}},"4":{"name":"(anonymous_5)","decl":{"start":{"line":37,"column":33},"end":{"line":37,"column":34}},"loc":{"start":{"line":38,"column":2},"end":{"line":38,"column":80}}}},"branchMap":{},"s":{"0":2,"1":2,"2":2,"3":2,"4":1,"5":2,"6":2,"7":1,"8":1,"9":2,"10":2,"11":1,"12":2,"13":2,"14":1,"15":2,"16":2,"17":1,"18":2},"f":{"0":1,"1":1,"2":1,"3":1,"4":1},"b":{}}
,"C:\\Users\\USER\\Desktop\\Med App Mgmt Sys\\Backend\\src\\Auth\\auth.controller.ts": {"path":"C:\\Users\\USER\\Desktop\\Med App Mgmt Sys\\Backend\\src\\Auth\\auth.controller.ts","statementMap":{"0":{"start":{"line":2,"column":0},"end":{"line":2,"column":111}},"1":{"start":{"line":3,"column":0},"end":{"line":3,"column":31}},"2":{"start":{"line":4,"column":0},"end":{"line":4,"column":22}},"3":{"start":{"line":5,"column":0},"end":{"line":5,"column":30}},"4":{"start":{"line":6,"column":0},"end":{"line":6,"column":45}},"5":{"start":{"line":9,"column":36},"end":{"line":44,"column":1}},"6":{"start":{"line":10,"column":4},"end":{"line":43,"column":5}},"7":{"start":{"line":12,"column":21},"end":{"line":12,"column":29}},"8":{"start":{"line":13,"column":25},"end":{"line":13,"column":38}},"9":{"start":{"line":14,"column":31},"end":{"line":14,"column":67}},"10":{"start":{"line":15,"column":8},"end":{"line":15,"column":null}},"11":{"start":{"line":18,"column":33},"end":{"line":18,"column":87}},"12":{"start":{"line":19,"column":8},"end":{"line":19,"column":49}},"13":{"start":{"line":20,"column":8},"end":{"line":20,"column":32}},"14":{"start":{"line":22,"column":27},"end":{"line":22,"column":56}},"15":{"start":{"line":23,"column":8},"end":{"line":23,"column":null}},"16":{"start":{"line":23,"column":25},"end":{"line":23,"column":null}},"17":{"start":{"line":25,"column":8},"end":{"line":38,"column":9}},"18":{"start":{"line":26,"column":12},"end":{"line":35,"column":14}},"19":{"start":{"line":37,"column":12},"end":{"line":37,"column":76}},"20":{"start":{"line":39,"column":8},"end":{"line":39,"column":null}},"21":{"start":{"line":42,"column":8},"end":{"line":42,"column":null}},"22":{"start":{"line":9,"column":13},"end":{"line":9,"column":36}},"23":{"start":{"line":46,"column":36},"end":{"line":82,"column":1}},"24":{"start":{"line":47,"column":28},"end":{"line":47,"column":36}},"25":{"start":{"line":48,"column":4},"end":{"line":81,"column":5}},"26":{"start":{"line":49,"column":21},"end":{"line":49,"column":55}},"27":{"start":{"line":50,"column":8},"end":{"line":52,"column":9}},"28":{"start":{"line":51,"column":12},"end":{"line":51,"column":71}},"29":{"start":{"line":54,"column":8},"end":{"line":77,"column":9}},"30":{"start":{"line":55,"column":12},"end":{"line":55,"column":43}},"31":{"start":{"line":58,"column":12},"end":{"line":73,"column":13}},"32":{"start":{"line":59,"column":16},"end":{"line":68,"column":null}},"33":{"start":{"line":71,"column":16},"end":{"line":71,"column":83}},"34":{"start":{"line":74,"column":12},"end":{"line":74,"column":83}},"35":{"start":{"line":76,"column":12},"end":{"line":76,"column":82}},"36":{"start":{"line":79,"column":8},"end":{"line":79,"column":62}},"37":{"start":{"line":46,"column":13},"end":{"line":46,"column":36}},"38":{"start":{"line":85,"column":35},"end":{"line":134,"column":1}},"39":{"start":{"line":86,"column":4},"end":{"line":133,"column":5}},"40":{"start":{"line":87,"column":21},"end":{"line":87,"column":29}},"41":{"start":{"line":90,"column":26},"end":{"line":90,"column":54}},"42":{"start":{"line":91,"column":8},"end":{"line":93,"column":9}},"43":{"start":{"line":92,"column":12},"end":{"line":92,"column":71}},"44":{"start":{"line":96,"column":26},"end":{"line":96,"column":86}},"45":{"start":{"line":97,"column":8},"end":{"line":99,"column":9}},"46":{"start":{"line":98,"column":12},"end":{"line":98,"column":76}},"47":{"start":{"line":102,"column":24},"end":{"line":109,"column":null}},"48":{"start":{"line":112,"column":23},"end":{"line":112,"column":55}},"49":{"start":{"line":113,"column":8},"end":{"line":115,"column":9}},"50":{"start":{"line":114,"column":12},"end":{"line":114,"column":86}},"51":{"start":{"line":116,"column":22},"end":{"line":116,"column":47}},"52":{"start":{"line":119,"column":8},"end":{"line":129,"column":null}},"53":{"start":{"line":131,"column":8},"end":{"line":131,"column":62}},"54":{"start":{"line":85,"column":13},"end":{"line":85,"column":35}}},"fnMap":{"0":{"name":"(anonymous_1)","decl":{"start":{"line":9,"column":36},"end":{"line":9,"column":41}},"loc":{"start":{"line":9,"column":74},"end":{"line":44,"column":1}}},"1":{"name":"(anonymous_2)","decl":{"start":{"line":46,"column":36},"end":{"line":46,"column":41}},"loc":{"start":{"line":46,"column":74},"end":{"line":82,"column":1}}},"2":{"name":"(anonymous_3)","decl":{"start":{"line":85,"column":35},"end":{"line":85,"column":40}},"loc":{"start":{"line":85,"column":73},"end":{"line":134,"column":1}}}},"branchMap":{"0":{"loc":{"start":{"line":23,"column":8},"end":{"line":23,"column":null}},"type":"if","locations":[{"start":{"line":23,"column":8},"end":{"line":23,"column":null}},{"start":{},"end":{}}]},"1":{"loc":{"start":{"line":50,"column":8},"end":{"line":52,"column":9}},"type":"if","locations":[{"start":{"line":50,"column":8},"end":{"line":52,"column":9}},{"start":{},"end":{}}]},"2":{"loc":{"start":{"line":54,"column":8},"end":{"line":77,"column":9}},"type":"if","locations":[{"start":{"line":54,"column":8},"end":{"line":77,"column":9}},{"start":{"line":75,"column":15},"end":{"line":77,"column":9}}]},"3":{"loc":{"start":{"line":91,"column":8},"end":{"line":93,"column":9}},"type":"if","locations":[{"start":{"line":91,"column":8},"end":{"line":93,"column":9}},{"start":{},"end":{}}]},"4":{"loc":{"start":{"line":97,"column":8},"end":{"line":99,"column":9}},"type":"if","locations":[{"start":{"line":97,"column":8},"end":{"line":99,"column":9}},{"start":{},"end":{}}]},"5":{"loc":{"start":{"line":113,"column":8},"end":{"line":115,"column":9}},"type":"if","locations":[{"start":{"line":113,"column":8},"end":{"line":115,"column":9}},{"start":{},"end":{}}]}},"s":{"0":0,"1":0,"2":0,"3":0,"4":0,"5":0,"6":0,"7":0,"8":0,"9":0,"10":0,"11":0,"12":0,"13":0,"14":0,"15":0,"16":0,"17":0,"18":0,"19":0,"20":0,"21":0,"22":0,"23":0,"24":0,"25":0,"26":0,"27":0,"28":0,"29":0,"30":0,"31":0,"32":0,"33":0,"34":0,"35":0,"36":0,"37":0,"38":0,"39":0,"40":0,"41":0,"42":0,"43":0,"44":0,"45":0,"46":0,"47":0,"48":0,"49":0,"50":0,"51":0,"52":0,"53":0,"54":0},"f":{"0":0,"1":0,"2":0},"b":{"0":[0,0],"1":[0,0],"2":[0,0],"3":[0,0],"4":[0,0],"5":[0,0]}}
,"C:\\Users\\USER\\Desktop\\Med App Mgmt Sys\\Backend\\src\\Auth\\auth.router.ts": {"path":"C:\\Users\\USER\\Desktop\\Med App Mgmt Sys\\Backend\\src\\Auth\\auth.router.ts","statementMap":{"0":{"start":{"line":3,"column":0},"end":{"line":3,"column":100}},"1":{"start":{"line":5,"column":13},"end":{"line":40,"column":1}},"2":{"start":{"line":7,"column":4},"end":{"line":16,"column":null}},"3":{"start":{"line":9,"column":12},"end":{"line":13,"column":13}},"4":{"start":{"line":10,"column":16},"end":{"line":10,"column":null}},"5":{"start":{"line":12,"column":16},"end":{"line":12,"column":null}},"6":{"start":{"line":19,"column":4},"end":{"line":27,"column":null}},"7":{"start":{"line":21,"column":12},"end":{"line":25,"column":13}},"8":{"start":{"line":22,"column":16},"end":{"line":22,"column":null}},"9":{"start":{"line":24,"column":16},"end":{"line":24,"column":null}},"10":{"start":{"line":30,"column":4},"end":{"line":39,"column":null}},"11":{"start":{"line":32,"column":12},"end":{"line":36,"column":13}},"12":{"start":{"line":33,"column":16},"end":{"line":33,"column":null}},"13":{"start":{"line":35,"column":16},"end":{"line":35,"column":null}},"14":{"start":{"line":42,"column":0},"end":{"line":42,"column":20}}},"fnMap":{"0":{"name":"(anonymous_0)","decl":{"start":{"line":5,"column":13},"end":{"line":5,"column":14}},"loc":{"start":{"line":5,"column":30},"end":{"line":40,"column":1}}},"1":{"name":"(anonymous_1)","decl":{"start":{"line":8,"column":8},"end":{"line":8,"column":13}},"loc":{"start":{"line":8,"column":33},"end":{"line":15,"column":9}}},"2":{"name":"(anonymous_2)","decl":{"start":{"line":20,"column":8},"end":{"line":20,"column":13}},"loc":{"start":{"line":20,"column":33},"end":{"line":26,"column":9}}},"3":{"name":"(anonymous_3)","decl":{"start":{"line":31,"column":8},"end":{"line":31,"column":13}},"loc":{"start":{"line":31,"column":33},"end":{"line":37,"column":9}}}},"branchMap":{},"s":{"0":0,"1":0,"2":0,"3":0,"4":0,"5":0,"6":0,"7":0,"8":0,"9":0,"10":0,"11":0,"12":0,"13":0,"14":0},"f":{"0":0,"1":0,"2":0,"3":0},"b":{}}
,"C:\\Users\\USER\\Desktop\\Med App Mgmt Sys\\Backend\\src\\Auth\\auth.service.ts": {"path":"C:\\Users\\USER\\Desktop\\Med App Mgmt Sys\\Backend\\src\\Auth\\auth.service.ts","statementMap":{"0":{"start":{"line":2,"column":0},"end":{"line":2,"column":34}},"1":{"start":{"line":3,"column":0},"end":{"line":3,"column":31}},"2":{"start":{"line":4,"column":0},"end":{"line":4,"column":55}},"3":{"start":{"line":6,"column":33},"end":{"line":9,"column":1}},"4":{"start":{"line":7,"column":4},"end":{"line":7,"column":null}},"5":{"start":{"line":8,"column":4},"end":{"line":8,"column":39}},"6":{"start":{"line":6,"column":13},"end":{"line":6,"column":33}},"7":{"start":{"line":11,"column":37},"end":{"line":15,"column":1}},"8":{"start":{"line":12,"column":4},"end":{"line":14,"column":7}},"9":{"start":{"line":11,"column":13},"end":{"line":11,"column":37}},"10":{"start":{"line":17,"column":33},"end":{"line":21,"column":1}},"11":{"start":{"line":18,"column":4},"end":{"line":20,"column":52}},"12":{"start":{"line":17,"column":13},"end":{"line":17,"column":33}},"13":{"start":{"line":25,"column":32},"end":{"line":39,"column":1}},"14":{"start":{"line":27,"column":22},"end":{"line":27,"column":26}},"15":{"start":{"line":29,"column":4},"end":{"line":38,"column":null}},"16":{"start":{"line":25,"column":13},"end":{"line":25,"column":32}}},"fnMap":{"0":{"name":"(anonymous_1)","decl":{"start":{"line":6,"column":33},"end":{"line":6,"column":38}},"loc":{"start":{"line":6,"column":56},"end":{"line":9,"column":1}}},"1":{"name":"(anonymous_2)","decl":{"start":{"line":11,"column":37},"end":{"line":11,"column":42}},"loc":{"start":{"line":11,"column":61},"end":{"line":15,"column":1}}},"2":{"name":"(anonymous_3)","decl":{"start":{"line":17,"column":33},"end":{"line":17,"column":38}},"loc":{"start":{"line":17,"column":57},"end":{"line":21,"column":1}}},"3":{"name":"(anonymous_4)","decl":{"start":{"line":25,"column":32},"end":{"line":25,"column":37}},"loc":{"start":{"line":25,"column":55},"end":{"line":39,"column":1}}}},"branchMap":{},"s":{"0":0,"1":0,"2":0,"3":0,"4":0,"5":0,"6":0,"7":0,"8":0,"9":0,"10":0,"11":0,"12":0,"13":0,"14":0,"15":0,"16":0},"f":{"0":0,"1":0,"2":0,"3":0},"b":{}}
,"C:\\Users\\USER\\Desktop\\Med App Mgmt Sys\\Backend\\src\\Complaints\\complaints.controller.ts": {"path":"C:\\Users\\USER\\Desktop\\Med App Mgmt Sys\\Backend\\src\\Complaints\\complaints.controller.ts","statementMap":{"0":{"start":{"line":2,"column":0},"end":{"line":2,"column":57}},"1":{"start":{"line":5,"column":31},"end":{"line":16,"column":1}},"2":{"start":{"line":6,"column":14},"end":{"line":6,"column":24}},"3":{"start":{"line":8,"column":24},"end":{"line":12,"column":4}},"4":{"start":{"line":14,"column":23},"end":{"line":14,"column":76}},"5":{"start":{"line":15,"column":2},"end":{"line":15,"column":37}},"6":{"start":{"line":5,"column":13},"end":{"line":5,"column":31}},"7":{"start":{"line":19,"column":32},"end":{"line":22,"column":1}},"8":{"start":{"line":20,"column":21},"end":{"line":20,"column":62}},"9":{"start":{"line":21,"column":2},"end":{"line":21,"column":23}},"10":{"start":{"line":19,"column":13},"end":{"line":19,"column":32}},"11":{"start":{"line":25,"column":32},"end":{"line":34,"column":1}},"12":{"start":{"line":26,"column":17},"end":{"line":26,"column":27}},"13":{"start":{"line":27,"column":20},"end":{"line":27,"column":71}},"14":{"start":{"line":29,"column":2},"end":{"line":31,"column":3}},"15":{"start":{"line":30,"column":4},"end":{"line":30,"column":68}},"16":{"start":{"line":33,"column":2},"end":{"line":33,"column":22}},"17":{"start":{"line":25,"column":13},"end":{"line":25,"column":32}},"18":{"start":{"line":37,"column":31},"end":{"line":53,"column":1}},"19":{"start":{"line":38,"column":17},"end":{"line":38,"column":27}},"20":{"start":{"line":40,"column":28},"end":{"line":40,"column":79}},"21":{"start":{"line":41,"column":2},"end":{"line":43,"column":3}},"22":{"start":{"line":42,"column":4},"end":{"line":42,"column":68}},"23":{"start":{"line":45,"column":24},"end":{"line":49,"column":4}},"24":{"start":{"line":51,"column":27},"end":{"line":51,"column":92}},"25":{"start":{"line":52,"column":2},"end":{"line":52,"column":29}},"26":{"start":{"line":37,"column":13},"end":{"line":37,"column":31}},"27":{"start":{"line":56,"column":31},"end":{"line":60,"column":1}},"28":{"start":{"line":57,"column":17},"end":{"line":57,"column":27}},"29":{"start":{"line":58,"column":27},"end":{"line":58,"column":77}},"30":{"start":{"line":59,"column":2},"end":{"line":59,"column":29}},"31":{"start":{"line":56,"column":13},"end":{"line":56,"column":31}}},"fnMap":{"0":{"name":"(anonymous_9)","decl":{"start":{"line":5,"column":31},"end":{"line":5,"column":36}},"loc":{"start":{"line":5,"column":69},"end":{"line":16,"column":1}}},"1":{"name":"(anonymous_10)","decl":{"start":{"line":19,"column":32},"end":{"line":19,"column":37}},"loc":{"start":{"line":19,"column":70},"end":{"line":22,"column":1}}},"2":{"name":"(anonymous_11)","decl":{"start":{"line":25,"column":32},"end":{"line":25,"column":37}},"loc":{"start":{"line":25,"column":70},"end":{"line":34,"column":1}}},"3":{"name":"(anonymous_12)","decl":{"start":{"line":37,"column":31},"end":{"line":37,"column":36}},"loc":{"start":{"line":37,"column":69},"end":{"line":53,"column":1}}},"4":{"name":"(anonymous_13)","decl":{"start":{"line":56,"column":31},"end":{"line":56,"column":36}},"loc":{"start":{"line":56,"column":69},"end":{"line":60,"column":1}}}},"branchMap":{"0":{"loc":{"start":{"line":29,"column":2},"end":{"line":31,"column":3}},"type":"if","locations":[{"start":{"line":29,"column":2},"end":{"line":31,"column":3}},{"start":{},"end":{}}]},"1":{"loc":{"start":{"line":41,"column":2},"end":{"line":43,"column":3}},"type":"if","locations":[{"start":{"line":41,"column":2},"end":{"line":43,"column":3}},{"start":{},"end":{}}]}},"s":{"0":1,"1":1,"2":1,"3":1,"4":1,"5":1,"6":1,"7":1,"8":1,"9":1,"10":1,"11":1,"12":2,"13":2,"14":2,"15":1,"16":1,"17":1,"18":1,"19":2,"20":2,"21":2,"22":1,"23":1,"24":1,"25":1,"26":1,"27":1,"28":1,"29":1,"30":1,"31":1},"f":{"0":1,"1":1,"2":2,"3":2,"4":1},"b":{"0":[1,1],"1":[1,1]}}
,"C:\\Users\\USER\\Desktop\\Med App Mgmt Sys\\Backend\\src\\Complaints\\complaints.router.ts": {"path":"C:\\Users\\USER\\Desktop\\Med App Mgmt Sys\\Backend\\src\\Complaints\\complaints.router.ts","statementMap":{"0":{"start":{"line":2,"column":0},"end":{"line":2,"column":null}},"1":{"start":{"line":10,"column":24},"end":{"line":50,"column":1}},"2":{"start":{"line":11,"column":2},"end":{"line":17,"column":5}},"3":{"start":{"line":12,"column":4},"end":{"line":16,"column":5}},"4":{"start":{"line":13,"column":6},"end":{"line":13,"column":38}},"5":{"start":{"line":15,"column":6},"end":{"line":15,"column":16}},"6":{"start":{"line":19,"column":2},"end":{"line":25,"column":5}},"7":{"start":{"line":20,"column":4},"end":{"line":24,"column":5}},"8":{"start":{"line":21,"column":6},"end":{"line":21,"column":39}},"9":{"start":{"line":23,"column":6},"end":{"line":23,"column":16}},"10":{"start":{"line":27,"column":2},"end":{"line":33,"column":5}},"11":{"start":{"line":28,"column":4},"end":{"line":32,"column":5}},"12":{"start":{"line":29,"column":6},"end":{"line":29,"column":39}},"13":{"start":{"line":31,"column":6},"end":{"line":31,"column":16}},"14":{"start":{"line":35,"column":2},"end":{"line":41,"column":5}},"15":{"start":{"line":36,"column":4},"end":{"line":40,"column":5}},"16":{"start":{"line":37,"column":6},"end":{"line":37,"column":38}},"17":{"start":{"line":39,"column":6},"end":{"line":39,"column":16}},"18":{"start":{"line":43,"column":2},"end":{"line":49,"column":5}},"19":{"start":{"line":44,"column":4},"end":{"line":48,"column":5}},"20":{"start":{"line":45,"column":6},"end":{"line":45,"column":38}},"21":{"start":{"line":47,"column":6},"end":{"line":47,"column":16}},"22":{"start":{"line":52,"column":0},"end":{"line":52,"column":31}}},"fnMap":{"0":{"name":"(anonymous_0)","decl":{"start":{"line":10,"column":24},"end":{"line":10,"column":25}},"loc":{"start":{"line":10,"column":41},"end":{"line":50,"column":1}}},"1":{"name":"(anonymous_1)","decl":{"start":{"line":11,"column":32},"end":{"line":11,"column":37}},"loc":{"start":{"line":11,"column":57},"end":{"line":17,"column":3}}},"2":{"name":"(anonymous_2)","decl":{"start":{"line":19,"column":31},"end":{"line":19,"column":36}},"loc":{"start":{"line":19,"column":56},"end":{"line":25,"column":3}}},"3":{"name":"(anonymous_3)","decl":{"start":{"line":27,"column":35},"end":{"line":27,"column":40}},"loc":{"start":{"line":27,"column":60},"end":{"line":33,"column":3}}},"4":{"name":"(anonymous_4)","decl":{"start":{"line":35,"column":37},"end":{"line":35,"column":42}},"loc":{"start":{"line":35,"column":62},"end":{"line":41,"column":3}}},"5":{"name":"(anonymous_5)","decl":{"start":{"line":43,"column":38},"end":{"line":43,"column":43}},"loc":{"start":{"line":43,"column":63},"end":{"line":49,"column":3}}}},"branchMap":{},"s":{"0":0,"1":0,"2":0,"3":0,"4":0,"5":0,"6":0,"7":0,"8":0,"9":0,"10":0,"11":0,"12":0,"13":0,"14":0,"15":0,"16":0,"17":0,"18":0,"19":0,"20":0,"21":0,"22":0},"f":{"0":0,"1":0,"2":0,"3":0,"4":0,"5":0},"b":{}}
,"C:\\Users\\USER\\Desktop\\Med App Mgmt Sys\\Backend\\src\\Complaints\\complaints.service.ts": {"path":"C:\\Users\\USER\\Desktop\\Med App Mgmt Sys\\Backend\\src\\Complaints\\complaints.service.ts","statementMap":{"0":{"start":{"line":1,"column":0},"end":{"line":1,"column":33}},"1":{"start":{"line":2,"column":0},"end":{"line":2,"column":31}},"2":{"start":{"line":3,"column":0},"end":{"line":3,"column":83}},"3":{"start":{"line":6,"column":31},"end":{"line":7,"column":53}},"4":{"start":{"line":7,"column":2},"end":{"line":7,"column":53}},"5":{"start":{"line":6,"column":13},"end":{"line":6,"column":31}},"6":{"start":{"line":9,"column":32},"end":{"line":9,"column":71}},"7":{"start":{"line":9,"column":38},"end":{"line":9,"column":71}},"8":{"start":{"line":9,"column":13},"end":{"line":9,"column":32}},"9":{"start":{"line":12,"column":32},"end":{"line":21,"column":1}},"10":{"start":{"line":13,"column":17},"end":{"line":18,"column":89}},"11":{"start":{"line":20,"column":2},"end":{"line":20,"column":19}},"12":{"start":{"line":12,"column":13},"end":{"line":12,"column":32}},"13":{"start":{"line":25,"column":31},"end":{"line":26,"column":88}},"14":{"start":{"line":26,"column":2},"end":{"line":26,"column":88}},"15":{"start":{"line":25,"column":13},"end":{"line":25,"column":31}},"16":{"start":{"line":29,"column":31},"end":{"line":30,"column":78}},"17":{"start":{"line":30,"column":2},"end":{"line":30,"column":78}},"18":{"start":{"line":29,"column":13},"end":{"line":29,"column":31}}},"fnMap":{"0":{"name":"(anonymous_1)","decl":{"start":{"line":6,"column":31},"end":{"line":6,"column":32}},"loc":{"start":{"line":7,"column":2},"end":{"line":7,"column":53}}},"1":{"name":"(anonymous_2)","decl":{"start":{"line":9,"column":32},"end":{"line":9,"column":35}},"loc":{"start":{"line":9,"column":38},"end":{"line":9,"column":71}}},"2":{"name":"(anonymous_3)","decl":{"start":{"line":12,"column":32},"end":{"line":12,"column":37}},"loc":{"start":{"line":12,"column":53},"end":{"line":21,"column":1}}},"3":{"name":"(anonymous_4)","decl":{"start":{"line":25,"column":31},"end":{"line":25,"column":32}},"loc":{"start":{"line":26,"column":2},"end":{"line":26,"column":88}}},"4":{"name":"(anonymous_5)","decl":{"start":{"line":29,"column":31},"end":{"line":29,"column":32}},"loc":{"start":{"line":30,"column":2},"end":{"line":30,"column":78}}}},"branchMap":{},"s":{"0":2,"1":2,"2":2,"3":2,"4":1,"5":2,"6":2,"7":1,"8":2,"9":2,"10":1,"11":1,"12":2,"13":2,"14":1,"15":2,"16":2,"17":1,"18":2},"f":{"0":1,"1":1,"2":1,"3":1,"4":1},"b":{}}
,"C:\\Users\\USER\\Desktop\\Med App Mgmt Sys\\Backend\\src\\Doctors\\doctors.controller.ts": {"path":"C:\\Users\\USER\\Desktop\\Med App Mgmt Sys\\Backend\\src\\Doctors\\doctors.controller.ts","statementMap":{"0":{"start":{"line":2,"column":0},"end":{"line":2,"column":51}},"1":{"start":{"line":5,"column":28},"end":{"line":16,"column":1}},"2":{"start":{"line":6,"column":14},"end":{"line":6,"column":24}},"3":{"start":{"line":8,"column":21},"end":{"line":12,"column":4}},"4":{"start":{"line":14,"column":20},"end":{"line":14,"column":64}},"5":{"start":{"line":15,"column":2},"end":{"line":15,"column":34}},"6":{"start":{"line":5,"column":13},"end":{"line":5,"column":28}},"7":{"start":{"line":19,"column":29},"end":{"line":22,"column":1}},"8":{"start":{"line":20,"column":18},"end":{"line":20,"column":53}},"9":{"start":{"line":21,"column":2},"end":{"line":21,"column":20}},"10":{"start":{"line":19,"column":13},"end":{"line":19,"column":29}},"11":{"start":{"line":25,"column":29},"end":{"line":29,"column":1}},"12":{"start":{"line":26,"column":17},"end":{"line":26,"column":27}},"13":{"start":{"line":27,"column":17},"end":{"line":27,"column":62}},"14":{"start":{"line":28,"column":2},"end":{"line":28,"column":19}},"15":{"start":{"line":25,"column":13},"end":{"line":25,"column":29}},"16":{"start":{"line":32,"column":28},"end":{"line":42,"column":1}},"17":{"start":{"line":33,"column":17},"end":{"line":33,"column":27}},"18":{"start":{"line":35,"column":21},"end":{"line":38,"column":4}},"19":{"start":{"line":40,"column":24},"end":{"line":40,"column":80}},"20":{"start":{"line":41,"column":2},"end":{"line":41,"column":26}},"21":{"start":{"line":32,"column":13},"end":{"line":32,"column":28}},"22":{"start":{"line":45,"column":28},"end":{"line":49,"column":1}},"23":{"start":{"line":46,"column":17},"end":{"line":46,"column":27}},"24":{"start":{"line":47,"column":24},"end":{"line":47,"column":68}},"25":{"start":{"line":48,"column":2},"end":{"line":48,"column":26}},"26":{"start":{"line":45,"column":13},"end":{"line":45,"column":28}}},"fnMap":{"0":{"name":"(anonymous_9)","decl":{"start":{"line":5,"column":28},"end":{"line":5,"column":33}},"loc":{"start":{"line":5,"column":66},"end":{"line":16,"column":1}}},"1":{"name":"(anonymous_10)","decl":{"start":{"line":19,"column":29},"end":{"line":19,"column":34}},"loc":{"start":{"line":19,"column":67},"end":{"line":22,"column":1}}},"2":{"name":"(anonymous_11)","decl":{"start":{"line":25,"column":29},"end":{"line":25,"column":34}},"loc":{"start":{"line":25,"column":67},"end":{"line":29,"column":1}}},"3":{"name":"(anonymous_12)","decl":{"start":{"line":32,"column":28},"end":{"line":32,"column":33}},"loc":{"start":{"line":32,"column":66},"end":{"line":42,"column":1}}},"4":{"name":"(anonymous_13)","decl":{"start":{"line":45,"column":28},"end":{"line":45,"column":33}},"loc":{"start":{"line":45,"column":66},"end":{"line":49,"column":1}}}},"branchMap":{},"s":{"0":1,"1":1,"2":1,"3":1,"4":1,"5":1,"6":1,"7":1,"8":1,"9":1,"10":1,"11":1,"12":1,"13":1,"14":1,"15":1,"16":1,"17":1,"18":1,"19":1,"20":1,"21":1,"22":1,"23":1,"24":1,"25":1,"26":1},"f":{"0":1,"1":1,"2":1,"3":1,"4":1},"b":{}}
,"C:\\Users\\USER\\Desktop\\Med App Mgmt Sys\\Backend\\src\\Doctors\\doctors.router.ts": {"path":"C:\\Users\\USER\\Desktop\\Med App Mgmt Sys\\Backend\\src\\Doctors\\doctors.router.ts","statementMap":{"0":{"start":{"line":2,"column":0},"end":{"line":2,"column":null}},"1":{"start":{"line":10,"column":21},"end":{"line":55,"column":1}},"2":{"start":{"line":12,"column":2},"end":{"line":18,"column":5}},"3":{"start":{"line":13,"column":4},"end":{"line":17,"column":5}},"4":{"start":{"line":14,"column":6},"end":{"line":14,"column":35}},"5":{"start":{"line":16,"column":6},"end":{"line":16,"column":18}},"6":{"start":{"line":21,"column":2},"end":{"line":27,"column":5}},"7":{"start":{"line":22,"column":4},"end":{"line":26,"column":5}},"8":{"start":{"line":23,"column":6},"end":{"line":23,"column":36}},"9":{"start":{"line":25,"column":6},"end":{"line":25,"column":18}},"10":{"start":{"line":30,"column":2},"end":{"line":36,"column":5}},"11":{"start":{"line":31,"column":4},"end":{"line":35,"column":5}},"12":{"start":{"line":32,"column":6},"end":{"line":32,"column":36}},"13":{"start":{"line":34,"column":6},"end":{"line":34,"column":18}},"14":{"start":{"line":39,"column":2},"end":{"line":45,"column":5}},"15":{"start":{"line":40,"column":4},"end":{"line":44,"column":5}},"16":{"start":{"line":41,"column":6},"end":{"line":41,"column":35}},"17":{"start":{"line":43,"column":6},"end":{"line":43,"column":18}},"18":{"start":{"line":48,"column":2},"end":{"line":54,"column":5}},"19":{"start":{"line":49,"column":4},"end":{"line":53,"column":5}},"20":{"start":{"line":50,"column":6},"end":{"line":50,"column":35}},"21":{"start":{"line":52,"column":6},"end":{"line":52,"column":18}},"22":{"start":{"line":57,"column":0},"end":{"line":57,"column":28}}},"fnMap":{"0":{"name":"(anonymous_0)","decl":{"start":{"line":10,"column":21},"end":{"line":10,"column":22}},"loc":{"start":{"line":10,"column":38},"end":{"line":55,"column":1}}},"1":{"name":"(anonymous_1)","decl":{"start":{"line":12,"column":29},"end":{"line":12,"column":34}},"loc":{"start":{"line":12,"column":54},"end":{"line":18,"column":3}}},"2":{"name":"(anonymous_2)","decl":{"start":{"line":21,"column":28},"end":{"line":21,"column":33}},"loc":{"start":{"line":21,"column":53},"end":{"line":27,"column":3}}},"3":{"name":"(anonymous_3)","decl":{"start":{"line":30,"column":32},"end":{"line":30,"column":37}},"loc":{"start":{"line":30,"column":57},"end":{"line":36,"column":3}}},"4":{"name":"(anonymous_4)","decl":{"start":{"line":39,"column":34},"end":{"line":39,"column":39}},"loc":{"start":{"line":39,"column":59},"end":{"line":45,"column":3}}},"5":{"name":"(anonymous_5)","decl":{"start":{"line":48,"column":35},"end":{"line":48,"column":40}},"loc":{"start":{"line":48,"column":60},"end":{"line":54,"column":3}}}},"branchMap":{},"s":{"0":0,"1":0,"2":0,"3":0,"4":0,"5":0,"6":0,"7":0,"8":0,"9":0,"10":0,"11":0,"12":0,"13":0,"14":0,"15":0,"16":0,"17":0,"18":0,"19":0,"20":0,"21":0,"22":0},"f":{"0":0,"1":0,"2":0,"3":0,"4":0,"5":0},"b":{}}
,"C:\\Users\\USER\\Desktop\\Med App Mgmt Sys\\Backend\\src\\Doctors\\doctors.service.ts": {"path":"C:\\Users\\USER\\Desktop\\Med App Mgmt Sys\\Backend\\src\\Doctors\\doctors.service.ts","statementMap":{"0":{"start":{"line":1,"column":0},"end":{"line":1,"column":38}},"1":{"start":{"line":2,"column":0},"end":{"line":2,"column":31}},"2":{"start":{"line":3,"column":0},"end":{"line":3,"column":100}},"3":{"start":{"line":6,"column":29},"end":{"line":7,"column":32}},"4":{"start":{"line":7,"column":2},"end":{"line":7,"column":32}},"5":{"start":{"line":6,"column":13},"end":{"line":6,"column":29}},"6":{"start":{"line":10,"column":29},"end":{"line":16,"column":90}},"7":{"start":{"line":11,"column":2},"end":{"line":16,"column":90}},"8":{"start":{"line":10,"column":13},"end":{"line":10,"column":29}},"9":{"start":{"line":19,"column":28},"end":{"line":20,"column":50}},"10":{"start":{"line":20,"column":2},"end":{"line":20,"column":50}},"11":{"start":{"line":19,"column":13},"end":{"line":19,"column":28}},"12":{"start":{"line":23,"column":28},"end":{"line":24,"column":81}},"13":{"start":{"line":24,"column":2},"end":{"line":24,"column":81}},"14":{"start":{"line":23,"column":13},"end":{"line":23,"column":28}},"15":{"start":{"line":27,"column":28},"end":{"line":54,"column":1}},"16":{"start":{"line":28,"column":17},"end":{"line":30,"column":4}},"17":{"start":{"line":32,"column":2},"end":{"line":34,"column":3}},"18":{"start":{"line":33,"column":4},"end":{"line":33,"column":40}},"19":{"start":{"line":35,"column":24},"end":{"line":38,"column":16}},"20":{"start":{"line":41,"column":15},"end":{"line":44,"column":4}},"21":{"start":{"line":46,"column":2},"end":{"line":51,"column":3}},"22":{"start":{"line":47,"column":4},"end":{"line":50,"column":49}},"23":{"start":{"line":53,"column":2},"end":{"line":53,"column":26}},"24":{"start":{"line":27,"column":13},"end":{"line":27,"column":28}}},"fnMap":{"0":{"name":"(anonymous_1)","decl":{"start":{"line":6,"column":29},"end":{"line":6,"column":32}},"loc":{"start":{"line":7,"column":2},"end":{"line":7,"column":32}}},"1":{"name":"(anonymous_2)","decl":{"start":{"line":10,"column":29},"end":{"line":10,"column":30}},"loc":{"start":{"line":11,"column":2},"end":{"line":16,"column":90}}},"2":{"name":"(anonymous_3)","decl":{"start":{"line":19,"column":28},"end":{"line":19,"column":29}},"loc":{"start":{"line":20,"column":2},"end":{"line":20,"column":50}}},"3":{"name":"(anonymous_4)","decl":{"start":{"line":23,"column":28},"end":{"line":23,"column":29}},"loc":{"start":{"line":24,"column":2},"end":{"line":24,"column":81}}},"4":{"name":"(anonymous_5)","decl":{"start":{"line":27,"column":28},"end":{"line":27,"column":33}},"loc":{"start":{"line":27,"column":49},"end":{"line":54,"column":1}}}},"branchMap":{"0":{"loc":{"start":{"line":32,"column":2},"end":{"line":34,"column":3}},"type":"if","locations":[{"start":{"line":32,"column":2},"end":{"line":34,"column":3}},{"start":{},"end":{}}]},"1":{"loc":{"start":{"line":46,"column":2},"end":{"line":51,"column":3}},"type":"if","locations":[{"start":{"line":46,"column":2},"end":{"line":51,"column":3}},{"start":{},"end":{}}]}},"s":{"0":2,"1":2,"2":2,"3":2,"4":1,"5":2,"6":2,"7":1,"8":2,"9":2,"10":1,"11":2,"12":2,"13":1,"14":2,"15":2,"16":2,"17":2,"18":1,"19":1,"20":1,"21":1,"22":1,"23":1,"24":2},"f":{"0":1,"1":1,"2":1,"3":1,"4":2},"b":{"0":[1,1],"1":[1,0]}}
,"C:\\Users\\USER\\Desktop\\Med App Mgmt Sys\\Backend\\src\\Drizzle\\db.ts": {"path":"C:\\Users\\USER\\Desktop\\Med App Mgmt Sys\\Backend\\src\\Drizzle\\db.ts","statementMap":{"0":{"start":{"line":1,"column":2},"end":{"line":1,"column":24}},"1":{"start":{"line":3,"column":2},"end":{"line":3,"column":53}},"2":{"start":{"line":4,"column":2},"end":{"line":4,"column":29}},"3":{"start":{"line":5,"column":2},"end":{"line":5,"column":36}},"4":{"start":{"line":7,"column":15},"end":{"line":9,"column":null}},"5":{"start":{"line":11,"column":15},"end":{"line":13,"column":3}},"6":{"start":{"line":12,"column":6},"end":{"line":12,"column":null}},"7":{"start":{"line":14,"column":2},"end":{"line":18,"column":null}},"8":{"start":{"line":15,"column":6},"end":{"line":15,"column":null}},"9":{"start":{"line":17,"column":6},"end":{"line":17,"column":null}},"10":{"start":{"line":21,"column":13},"end":{"line":21,"column":54}},"11":{"start":{"line":23,"column":2},"end":{"line":23,"column":null}}},"fnMap":{"0":{"name":"(anonymous_9)","decl":{"start":{"line":11,"column":15},"end":{"line":11,"column":20}},"loc":{"start":{"line":11,"column":26},"end":{"line":13,"column":3}}},"1":{"name":"(anonymous_10)","decl":{"start":{"line":14,"column":14},"end":{"line":14,"column":17}},"loc":{"start":{"line":14,"column":19},"end":{"line":16,"column":3}}},"2":{"name":"(anonymous_11)","decl":{"start":{"line":16,"column":11},"end":{"line":16,"column":12}},"loc":{"start":{"line":16,"column":21},"end":{"line":18,"column":3}}}},"branchMap":{},"s":{"0":7,"1":7,"2":7,"3":7,"4":7,"5":7,"6":7,"7":7,"8":0,"9":0,"10":7,"11":7},"f":{"0":7,"1":0,"2":0},"b":{}}
,"C:\\Users\\USER\\Desktop\\Med App Mgmt Sys\\Backend\\src\\Drizzle\\migrate.ts": {"path":"C:\\Users\\USER\\Desktop\\Med App Mgmt Sys\\Backend\\src\\Drizzle\\migrate.ts","statementMap":{"0":{"start":{"line":1,"column":0},"end":{"line":1,"column":23}},"1":{"start":{"line":2,"column":0},"end":{"line":2,"column":61}},"2":{"start":{"line":3,"column":0},"end":{"line":3,"column":33}},"3":{"start":{"line":6,"column":4},"end":{"line":6,"column":50}},"4":{"start":{"line":7,"column":4},"end":{"line":7,"column":71}},"5":{"start":{"line":8,"column":4},"end":{"line":8,"column":23}},"6":{"start":{"line":9,"column":4},"end":{"line":9,"column":52}},"7":{"start":{"line":10,"column":4},"end":{"line":10,"column":20}},"8":{"start":{"line":13,"column":0},"end":{"line":16,"column":3}},"9":{"start":{"line":14,"column":4},"end":{"line":14,"column":46}},"10":{"start":{"line":15,"column":4},"end":{"line":15,"column":20}}},"fnMap":{"0":{"name":"migration","decl":{"start":{"line":5,"column":15},"end":{"line":5,"column":24}},"loc":{"start":{"line":5,"column":24},"end":{"line":11,"column":1}}},"1":{"name":"(anonymous_10)","decl":{"start":{"line":13,"column":18},"end":{"line":13,"column":19}},"loc":{"start":{"line":13,"column":28},"end":{"line":16,"column":1}}}},"branchMap":{},"s":{"0":0,"1":0,"2":0,"3":0,"4":0,"5":0,"6":0,"7":0,"8":0,"9":0,"10":0},"f":{"0":0,"1":0},"b":{}}
,"C:\\Users\\USER\\Desktop\\Med App Mgmt Sys\\Backend\\src\\Drizzle\\schema.ts": {"path":"C:\\Users\\USER\\Desktop\\Med App Mgmt Sys\\Backend\\src\\Drizzle\\schema.ts","statementMap":{"0":{"start":{"line":1,"column":0},"end":{"line":1,"column":null}},"1":{"start":{"line":14,"column":0},"end":{"line":14,"column":40}},"2":{"start":{"line":19,"column":13},"end":{"line":19,"column":71}},"3":{"start":{"line":22,"column":13},"end":{"line":22,"column":87}},"4":{"start":{"line":25,"column":13},"end":{"line":25,"column":70}},"5":{"start":{"line":28,"column":13},"end":{"line":28,"column":101}},"6":{"start":{"line":34,"column":13},"end":{"line":46,"column":3}},"7":{"start":{"line":49,"column":13},"end":{"line":59,"column":3}},"8":{"start":{"line":62,"column":13},"end":{"line":73,"column":3}},"9":{"start":{"line":64,"column":55},"end":{"line":64,"column":72}},"10":{"start":{"line":65,"column":53},"end":{"line":65,"column":71}},"11":{"start":{"line":76,"column":13},"end":{"line":85,"column":3}},"12":{"start":{"line":79,"column":51},"end":{"line":79,"column":73}},"13":{"start":{"line":88,"column":13},"end":{"line":96,"column":3}},"14":{"start":{"line":90,"column":51},"end":{"line":90,"column":73}},"15":{"start":{"line":91,"column":53},"end":{"line":91,"column":71}},"16":{"start":{"line":92,"column":55},"end":{"line":92,"column":72}},"17":{"start":{"line":99,"column":13},"end":{"line":108,"column":3}},"18":{"start":{"line":101,"column":55},"end":{"line":101,"column":72}},"19":{"start":{"line":102,"column":51},"end":{"line":102,"column":73}},"20":{"start":{"line":116,"column":13},"end":{"line":120,"column":4}},"21":{"start":{"line":116,"column":66},"end":{"line":120,"column":2}},"22":{"start":{"line":123,"column":13},"end":{"line":126,"column":4}},"23":{"start":{"line":123,"column":70},"end":{"line":126,"column":2}},"24":{"start":{"line":129,"column":13},"end":{"line":141,"column":4}},"25":{"start":{"line":129,"column":85},"end":{"line":141,"column":2}},"26":{"start":{"line":144,"column":13},"end":{"line":157,"column":4}},"27":{"start":{"line":144,"column":81},"end":{"line":157,"column":2}},"28":{"start":{"line":160,"column":13},"end":{"line":165,"column":4}},"29":{"start":{"line":160,"column":71},"end":{"line":165,"column":2}},"30":{"start":{"line":168,"column":13},"end":{"line":177,"column":4}},"31":{"start":{"line":168,"column":75},"end":{"line":177,"column":2}}},"fnMap":{"0":{"name":"(anonymous_0)","decl":{"start":{"line":64,"column":49},"end":{"line":64,"column":52}},"loc":{"start":{"line":64,"column":55},"end":{"line":64,"column":72}}},"1":{"name":"(anonymous_1)","decl":{"start":{"line":65,"column":47},"end":{"line":65,"column":50}},"loc":{"start":{"line":65,"column":53},"end":{"line":65,"column":71}}},"2":{"name":"(anonymous_2)","decl":{"start":{"line":79,"column":45},"end":{"line":79,"column":48}},"loc":{"start":{"line":79,"column":51},"end":{"line":79,"column":73}}},"3":{"name":"(anonymous_3)","decl":{"start":{"line":90,"column":45},"end":{"line":90,"column":48}},"loc":{"start":{"line":90,"column":51},"end":{"line":90,"column":73}}},"4":{"name":"(anonymous_4)","decl":{"start":{"line":91,"column":47},"end":{"line":91,"column":50}},"loc":{"start":{"line":91,"column":53},"end":{"line":91,"column":71}}},"5":{"name":"(anonymous_5)","decl":{"start":{"line":92,"column":49},"end":{"line":92,"column":52}},"loc":{"start":{"line":92,"column":55},"end":{"line":92,"column":72}}},"6":{"name":"(anonymous_6)","decl":{"start":{"line":101,"column":49},"end":{"line":101,"column":52}},"loc":{"start":{"line":101,"column":55},"end":{"line":101,"column":72}}},"7":{"name":"(anonymous_7)","decl":{"start":{"line":102,"column":45},"end":{"line":102,"column":48}},"loc":{"start":{"line":102,"column":51},"end":{"line":102,"column":73}}},"8":{"name":"(anonymous_8)","decl":{"start":{"line":116,"column":51},"end":{"line":116,"column":52}},"loc":{"start":{"line":116,"column":66},"end":{"line":120,"column":2}}},"9":{"name":"(anonymous_9)","decl":{"start":{"line":123,"column":55},"end":{"line":123,"column":56}},"loc":{"start":{"line":123,"column":70},"end":{"line":126,"column":2}}},"10":{"name":"(anonymous_10)","decl":{"start":{"line":129,"column":65},"end":{"line":129,"column":66}},"loc":{"start":{"line":129,"column":85},"end":{"line":141,"column":2}}},"11":{"name":"(anonymous_11)","decl":{"start":{"line":144,"column":67},"end":{"line":144,"column":68}},"loc":{"start":{"line":144,"column":81},"end":{"line":157,"column":2}}},"12":{"name":"(anonymous_12)","decl":{"start":{"line":160,"column":57},"end":{"line":160,"column":58}},"loc":{"start":{"line":160,"column":71},"end":{"line":165,"column":2}}},"13":{"name":"(anonymous_13)","decl":{"start":{"line":168,"column":61},"end":{"line":168,"column":62}},"loc":{"start":{"line":168,"column":75},"end":{"line":177,"column":2}}}},"branchMap":{},"s":{"0":13,"1":13,"2":13,"3":13,"4":13,"5":13,"6":13,"7":13,"8":13,"9":0,"10":0,"11":13,"12":0,"13":13,"14":0,"15":0,"16":0,"17":13,"18":0,"19":0,"20":13,"21":7,"22":13,"23":7,"24":13,"25":7,"26":13,"27":7,"28":13,"29":7,"30":13,"31":7},"f":{"0":0,"1":0,"2":0,"3":0,"4":0,"5":0,"6":0,"7":0,"8":7,"9":7,"10":7,"11":7,"12":7,"13":7},"b":{}}
,"C:\\Users\\USER\\Desktop\\Med App Mgmt Sys\\Backend\\src\\Mailer\\mailer.ts": {"path":"C:\\Users\\USER\\Desktop\\Med App Mgmt Sys\\Backend\\src\\Mailer\\mailer.ts","statementMap":{"0":{"start":{"line":1,"column":0},"end":{"line":1,"column":36}},"1":{"start":{"line":3,"column":25},"end":{"line":42,"column":1}},"2":{"start":{"line":9,"column":4},"end":{"line":41,"column":5}},"3":{"start":{"line":10,"column":28},"end":{"line":19,"column":10}},"4":{"start":{"line":21,"column":56},"end":{"line":27,"column":10}},"5":{"start":{"line":29,"column":24},"end":{"line":29,"column":63}},"6":{"start":{"line":30,"column":8},"end":{"line":30,"column":40}},"7":{"start":{"line":32,"column":8},"end":{"line":38,"column":9}},"8":{"start":{"line":33,"column":12},"end":{"line":33,"column":45}},"9":{"start":{"line":34,"column":15},"end":{"line":38,"column":9}},"10":{"start":{"line":35,"column":12},"end":{"line":35,"column":36}},"11":{"start":{"line":37,"column":12},"end":{"line":37,"column":40}},"12":{"start":{"line":40,"column":8},"end":{"line":40,"column":56}},"13":{"start":{"line":3,"column":13},"end":{"line":3,"column":25}}},"fnMap":{"0":{"name":"(anonymous_1)","decl":{"start":{"line":3,"column":25},"end":{"line":3,"column":30}},"loc":{"start":{"line":8,"column":4},"end":{"line":42,"column":1}}}},"branchMap":{"0":{"loc":{"start":{"line":32,"column":8},"end":{"line":38,"column":9}},"type":"if","locations":[{"start":{"line":32,"column":8},"end":{"line":38,"column":9}},{"start":{"line":34,"column":15},"end":{"line":38,"column":9}}]},"1":{"loc":{"start":{"line":34,"column":15},"end":{"line":38,"column":9}},"type":"if","locations":[{"start":{"line":34,"column":15},"end":{"line":38,"column":9}},{"start":{"line":36,"column":15},"end":{"line":38,"column":9}}]}},"s":{"0":0,"1":0,"2":0,"3":0,"4":0,"5":0,"6":0,"7":0,"8":0,"9":0,"10":0,"11":0,"12":0,"13":0},"f":{"0":0},"b":{"0":[0,0],"1":[0,0]}}
,"C:\\Users\\USER\\Desktop\\Med App Mgmt Sys\\Backend\\src\\Payments\\payments.controller.ts": {"path":"C:\\Users\\USER\\Desktop\\Med App Mgmt Sys\\Backend\\src\\Payments\\payments.controller.ts","statementMap":{"0":{"start":{"line":2,"column":0},"end":{"line":2,"column":53}},"1":{"start":{"line":5,"column":29},"end":{"line":16,"column":1}},"2":{"start":{"line":6,"column":14},"end":{"line":6,"column":24}},"3":{"start":{"line":8,"column":22},"end":{"line":12,"column":4}},"4":{"start":{"line":14,"column":21},"end":{"line":14,"column":68}},"5":{"start":{"line":15,"column":2},"end":{"line":15,"column":35}},"6":{"start":{"line":5,"column":13},"end":{"line":5,"column":29}},"7":{"start":{"line":19,"column":30},"end":{"line":22,"column":1}},"8":{"start":{"line":20,"column":19},"end":{"line":20,"column":56}},"9":{"start":{"line":21,"column":2},"end":{"line":21,"column":21}},"10":{"start":{"line":19,"column":13},"end":{"line":19,"column":30}},"11":{"start":{"line":25,"column":30},"end":{"line":34,"column":1}},"12":{"start":{"line":26,"column":17},"end":{"line":26,"column":27}},"13":{"start":{"line":27,"column":18},"end":{"line":27,"column":65}},"14":{"start":{"line":29,"column":2},"end":{"line":31,"column":3}},"15":{"start":{"line":30,"column":4},"end":{"line":30,"column":66}},"16":{"start":{"line":33,"column":2},"end":{"line":33,"column":20}},"17":{"start":{"line":25,"column":13},"end":{"line":25,"column":30}},"18":{"start":{"line":37,"column":29},"end":{"line":53,"column":1}},"19":{"start":{"line":38,"column":17},"end":{"line":38,"column":27}},"20":{"start":{"line":40,"column":26},"end":{"line":40,"column":73}},"21":{"start":{"line":41,"column":2},"end":{"line":43,"column":3}},"22":{"start":{"line":42,"column":4},"end":{"line":42,"column":66}},"23":{"start":{"line":45,"column":22},"end":{"line":49,"column":4}},"24":{"start":{"line":51,"column":25},"end":{"line":51,"column":84}},"25":{"start":{"line":52,"column":2},"end":{"line":52,"column":27}},"26":{"start":{"line":37,"column":13},"end":{"line":37,"column":29}},"27":{"start":{"line":56,"column":29},"end":{"line":60,"column":1}},"28":{"start":{"line":57,"column":17},"end":{"line":57,"column":27}},"29":{"start":{"line":58,"column":25},"end":{"line":58,"column":71}},"30":{"start":{"line":59,"column":2},"end":{"line":59,"column":27}},"31":{"start":{"line":56,"column":13},"end":{"line":56,"column":29}}},"fnMap":{"0":{"name":"(anonymous_9)","decl":{"start":{"line":5,"column":29},"end":{"line":5,"column":34}},"loc":{"start":{"line":5,"column":67},"end":{"line":16,"column":1}}},"1":{"name":"(anonymous_10)","decl":{"start":{"line":19,"column":30},"end":{"line":19,"column":35}},"loc":{"start":{"line":19,"column":68},"end":{"line":22,"column":1}}},"2":{"name":"(anonymous_11)","decl":{"start":{"line":25,"column":30},"end":{"line":25,"column":35}},"loc":{"start":{"line":25,"column":68},"end":{"line":34,"column":1}}},"3":{"name":"(anonymous_12)","decl":{"start":{"line":37,"column":29},"end":{"line":37,"column":34}},"loc":{"start":{"line":37,"column":67},"end":{"line":53,"column":1}}},"4":{"name":"(anonymous_13)","decl":{"start":{"line":56,"column":29},"end":{"line":56,"column":34}},"loc":{"start":{"line":56,"column":67},"end":{"line":60,"column":1}}}},"branchMap":{"0":{"loc":{"start":{"line":29,"column":2},"end":{"line":31,"column":3}},"type":"if","locations":[{"start":{"line":29,"column":2},"end":{"line":31,"column":3}},{"start":{},"end":{}}]},"1":{"loc":{"start":{"line":41,"column":2},"end":{"line":43,"column":3}},"type":"if","locations":[{"start":{"line":41,"column":2},"end":{"line":43,"column":3}},{"start":{},"end":{}}]}},"s":{"0":1,"1":1,"2":1,"3":1,"4":1,"5":1,"6":1,"7":1,"8":1,"9":1,"10":1,"11":1,"12":2,"13":2,"14":2,"15":1,"16":1,"17":1,"18":1,"19":2,"20":2,"21":2,"22":1,"23":1,"24":1,"25":1,"26":1,"27":1,"28":1,"29":1,"30":1,"31":1},"f":{"0":1,"1":1,"2":2,"3":2,"4":1},"b":{"0":[1,1],"1":[1,1]}}
,"C:\\Users\\USER\\Desktop\\Med App Mgmt Sys\\Backend\\src\\Payments\\payments.router.ts": {"path":"C:\\Users\\USER\\Desktop\\Med App Mgmt Sys\\Backend\\src\\Payments\\payments.router.ts","statementMap":{"0":{"start":{"line":2,"column":0},"end":{"line":2,"column":null}},"1":{"start":{"line":10,"column":22},"end":{"line":50,"column":1}},"2":{"start":{"line":11,"column":2},"end":{"line":17,"column":5}},"3":{"start":{"line":12,"column":4},"end":{"line":16,"column":5}},"4":{"start":{"line":13,"column":6},"end":{"line":13,"column":36}},"5":{"start":{"line":15,"column":6},"end":{"line":15,"column":16}},"6":{"start":{"line":19,"column":2},"end":{"line":25,"column":5}},"7":{"start":{"line":20,"column":4},"end":{"line":24,"column":5}},"8":{"start":{"line":21,"column":6},"end":{"line":21,"column":37}},"9":{"start":{"line":23,"column":6},"end":{"line":23,"column":16}},"10":{"start":{"line":27,"column":2},"end":{"line":33,"column":5}},"11":{"start":{"line":28,"column":4},"end":{"line":32,"column":5}},"12":{"start":{"line":29,"column":6},"end":{"line":29,"column":37}},"13":{"start":{"line":31,"column":6},"end":{"line":31,"column":16}},"14":{"start":{"line":35,"column":2},"end":{"line":41,"column":5}},"15":{"start":{"line":36,"column":4},"end":{"line":40,"column":5}},"16":{"start":{"line":37,"column":6},"end":{"line":37,"column":36}},"17":{"start":{"line":39,"column":6},"end":{"line":39,"column":16}},"18":{"start":{"line":43,"column":2},"end":{"line":49,"column":5}},"19":{"start":{"line":44,"column":4},"end":{"line":48,"column":5}},"20":{"start":{"line":45,"column":6},"end":{"line":45,"column":36}},"21":{"start":{"line":47,"column":6},"end":{"line":47,"column":16}},"22":{"start":{"line":52,"column":0},"end":{"line":52,"column":29}}},"fnMap":{"0":{"name":"(anonymous_0)","decl":{"start":{"line":10,"column":22},"end":{"line":10,"column":23}},"loc":{"start":{"line":10,"column":39},"end":{"line":50,"column":1}}},"1":{"name":"(anonymous_1)","decl":{"start":{"line":11,"column":30},"end":{"line":11,"column":35}},"loc":{"start":{"line":11,"column":55},"end":{"line":17,"column":3}}},"2":{"name":"(anonymous_2)","decl":{"start":{"line":19,"column":29},"end":{"line":19,"column":34}},"loc":{"start":{"line":19,"column":54},"end":{"line":25,"column":3}}},"3":{"name":"(anonymous_3)","decl":{"start":{"line":27,"column":33},"end":{"line":27,"column":38}},"loc":{"start":{"line":27,"column":58},"end":{"line":33,"column":3}}},"4":{"name":"(anonymous_4)","decl":{"start":{"line":35,"column":35},"end":{"line":35,"column":40}},"loc":{"start":{"line":35,"column":60},"end":{"line":41,"column":3}}},"5":{"name":"(anonymous_5)","decl":{"start":{"line":43,"column":36},"end":{"line":43,"column":41}},"loc":{"start":{"line":43,"column":61},"end":{"line":49,"column":3}}}},"branchMap":{},"s":{"0":0,"1":0,"2":0,"3":0,"4":0,"5":0,"6":0,"7":0,"8":0,"9":0,"10":0,"11":0,"12":0,"13":0,"14":0,"15":0,"16":0,"17":0,"18":0,"19":0,"20":0,"21":0,"22":0},"f":{"0":0,"1":0,"2":0,"3":0,"4":0,"5":0},"b":{}}
,"C:\\Users\\USER\\Desktop\\Med App Mgmt Sys\\Backend\\src\\Payments\\payments.service.ts": {"path":"C:\\Users\\USER\\Desktop\\Med App Mgmt Sys\\Backend\\src\\Payments\\payments.service.ts","statementMap":{"0":{"start":{"line":1,"column":0},"end":{"line":1,"column":33}},"1":{"start":{"line":2,"column":0},"end":{"line":2,"column":31}},"2":{"start":{"line":3,"column":0},"end":{"line":3,"column":69}},"3":{"start":{"line":6,"column":30},"end":{"line":10,"column":87}},"4":{"start":{"line":7,"column":2},"end":{"line":10,"column":87}},"5":{"start":{"line":6,"column":13},"end":{"line":6,"column":30}},"6":{"start":{"line":13,"column":30},"end":{"line":21,"column":1}},"7":{"start":{"line":14,"column":17},"end":{"line":18,"column":87}},"8":{"start":{"line":20,"column":2},"end":{"line":20,"column":19}},"9":{"start":{"line":13,"column":13},"end":{"line":13,"column":30}},"10":{"start":{"line":24,"column":29},"end":{"line":25,"column":51}},"11":{"start":{"line":25,"column":2},"end":{"line":25,"column":51}},"12":{"start":{"line":24,"column":13},"end":{"line":24,"column":29}},"13":{"start":{"line":28,"column":29},"end":{"line":29,"column":83}},"14":{"start":{"line":29,"column":2},"end":{"line":29,"column":83}},"15":{"start":{"line":28,"column":13},"end":{"line":28,"column":29}},"16":{"start":{"line":32,"column":29},"end":{"line":33,"column":73}},"17":{"start":{"line":33,"column":2},"end":{"line":33,"column":73}},"18":{"start":{"line":32,"column":13},"end":{"line":32,"column":29}}},"fnMap":{"0":{"name":"(anonymous_1)","decl":{"start":{"line":6,"column":30},"end":{"line":6,"column":33}},"loc":{"start":{"line":7,"column":2},"end":{"line":10,"column":87}}},"1":{"name":"(anonymous_2)","decl":{"start":{"line":13,"column":30},"end":{"line":13,"column":35}},"loc":{"start":{"line":13,"column":51},"end":{"line":21,"column":1}}},"2":{"name":"(anonymous_3)","decl":{"start":{"line":24,"column":29},"end":{"line":24,"column":30}},"loc":{"start":{"line":25,"column":2},"end":{"line":25,"column":51}}},"3":{"name":"(anonymous_4)","decl":{"start":{"line":28,"column":29},"end":{"line":28,"column":30}},"loc":{"start":{"line":29,"column":2},"end":{"line":29,"column":83}}},"4":{"name":"(anonymous_5)","decl":{"start":{"line":32,"column":29},"end":{"line":32,"column":30}},"loc":{"start":{"line":33,"column":2},"end":{"line":33,"column":73}}}},"branchMap":{},"s":{"0":3,"1":3,"2":3,"3":3,"4":1,"5":3,"6":3,"7":1,"8":1,"9":3,"10":3,"11":1,"12":3,"13":3,"14":1,"15":3,"16":3,"17":1,"18":3},"f":{"0":1,"1":1,"2":1,"3":1,"4":1},"b":{}}
,"C:\\Users\\USER\\Desktop\\Med App Mgmt Sys\\Backend\\src\\Prescriptions\\prescription.controller.ts": {"path":"C:\\Users\\USER\\Desktop\\Med App Mgmt Sys\\Backend\\src\\Prescriptions\\prescription.controller.ts","statementMap":{"0":{"start":{"line":2,"column":0},"end":{"line":2,"column":62}},"1":{"start":{"line":5,"column":34},"end":{"line":16,"column":1}},"2":{"start":{"line":6,"column":14},"end":{"line":6,"column":24}},"3":{"start":{"line":8,"column":27},"end":{"line":12,"column":4}},"4":{"start":{"line":14,"column":26},"end":{"line":14,"column":88}},"5":{"start":{"line":15,"column":2},"end":{"line":15,"column":40}},"6":{"start":{"line":5,"column":13},"end":{"line":5,"column":34}},"7":{"start":{"line":19,"column":35},"end":{"line":22,"column":1}},"8":{"start":{"line":20,"column":24},"end":{"line":20,"column":71}},"9":{"start":{"line":21,"column":2},"end":{"line":21,"column":26}},"10":{"start":{"line":19,"column":13},"end":{"line":19,"column":35}},"11":{"start":{"line":25,"column":35},"end":{"line":34,"column":1}},"12":{"start":{"line":26,"column":17},"end":{"line":26,"column":27}},"13":{"start":{"line":27,"column":23},"end":{"line":27,"column":80}},"14":{"start":{"line":29,"column":2},"end":{"line":31,"column":3}},"15":{"start":{"line":30,"column":4},"end":{"line":30,"column":71}},"16":{"start":{"line":33,"column":2},"end":{"line":33,"column":25}},"17":{"start":{"line":25,"column":13},"end":{"line":25,"column":35}},"18":{"start":{"line":37,"column":34},"end":{"line":53,"column":1}},"19":{"start":{"line":38,"column":17},"end":{"line":38,"column":27}},"20":{"start":{"line":40,"column":31},"end":{"line":40,"column":88}},"21":{"start":{"line":41,"column":2},"end":{"line":43,"column":3}},"22":{"start":{"line":42,"column":4},"end":{"line":42,"column":71}},"23":{"start":{"line":45,"column":27},"end":{"line":49,"column":4}},"24":{"start":{"line":51,"column":30},"end":{"line":51,"column":104}},"25":{"start":{"line":52,"column":2},"end":{"line":52,"column":32}},"26":{"start":{"line":37,"column":13},"end":{"line":37,"column":34}},"27":{"start":{"line":56,"column":34},"end":{"line":60,"column":1}},"28":{"start":{"line":57,"column":17},"end":{"line":57,"column":27}},"29":{"start":{"line":58,"column":30},"end":{"line":58,"column":86}},"30":{"start":{"line":59,"column":2},"end":{"line":59,"column":32}},"31":{"start":{"line":56,"column":13},"end":{"line":56,"column":34}}},"fnMap":{"0":{"name":"(anonymous_9)","decl":{"start":{"line":5,"column":34},"end":{"line":5,"column":39}},"loc":{"start":{"line":5,"column":72},"end":{"line":16,"column":1}}},"1":{"name":"(anonymous_10)","decl":{"start":{"line":19,"column":35},"end":{"line":19,"column":40}},"loc":{"start":{"line":19,"column":73},"end":{"line":22,"column":1}}},"2":{"name":"(anonymous_11)","decl":{"start":{"line":25,"column":35},"end":{"line":25,"column":40}},"loc":{"start":{"line":25,"column":73},"end":{"line":34,"column":1}}},"3":{"name":"(anonymous_12)","decl":{"start":{"line":37,"column":34},"end":{"line":37,"column":39}},"loc":{"start":{"line":37,"column":72},"end":{"line":53,"column":1}}},"4":{"name":"(anonymous_13)","decl":{"start":{"line":56,"column":34},"end":{"line":56,"column":39}},"loc":{"start":{"line":56,"column":72},"end":{"line":60,"column":1}}}},"branchMap":{"0":{"loc":{"start":{"line":29,"column":2},"end":{"line":31,"column":3}},"type":"if","locations":[{"start":{"line":29,"column":2},"end":{"line":31,"column":3}},{"start":{},"end":{}}]},"1":{"loc":{"start":{"line":41,"column":2},"end":{"line":43,"column":3}},"type":"if","locations":[{"start":{"line":41,"column":2},"end":{"line":43,"column":3}},{"start":{},"end":{}}]}},"s":{"0":1,"1":1,"2":1,"3":1,"4":1,"5":1,"6":1,"7":1,"8":1,"9":1,"10":1,"11":1,"12":2,"13":2,"14":2,"15":1,"16":1,"17":1,"18":1,"19":2,"20":2,"21":2,"22":1,"23":1,"24":1,"25":1,"26":1,"27":1,"28":1,"29":1,"30":1,"31":1},"f":{"0":1,"1":1,"2":2,"3":2,"4":1},"b":{"0":[1,1],"1":[1,1]}}
,"C:\\Users\\USER\\Desktop\\Med App Mgmt Sys\\Backend\\src\\Prescriptions\\prescription.router.ts": {"path":"C:\\Users\\USER\\Desktop\\Med App Mgmt Sys\\Backend\\src\\Prescriptions\\prescription.router.ts","statementMap":{"0":{"start":{"line":2,"column":0},"end":{"line":2,"column":null}},"1":{"start":{"line":10,"column":27},"end":{"line":50,"column":1}},"2":{"start":{"line":11,"column":2},"end":{"line":17,"column":5}},"3":{"start":{"line":12,"column":4},"end":{"line":16,"column":5}},"4":{"start":{"line":13,"column":6},"end":{"line":13,"column":41}},"5":{"start":{"line":15,"column":6},"end":{"line":15,"column":16}},"6":{"start":{"line":19,"column":2},"end":{"line":25,"column":5}},"7":{"start":{"line":20,"column":4},"end":{"line":24,"column":5}},"8":{"start":{"line":21,"column":6},"end":{"line":21,"column":42}},"9":{"start":{"line":23,"column":6},"end":{"line":23,"column":16}},"10":{"start":{"line":27,"column":2},"end":{"line":33,"column":5}},"11":{"start":{"line":28,"column":4},"end":{"line":32,"column":5}},"12":{"start":{"line":29,"column":6},"end":{"line":29,"column":42}},"13":{"start":{"line":31,"column":6},"end":{"line":31,"column":16}},"14":{"start":{"line":35,"column":2},"end":{"line":41,"column":5}},"15":{"start":{"line":36,"column":4},"end":{"line":40,"column":5}},"16":{"start":{"line":37,"column":6},"end":{"line":37,"column":41}},"17":{"start":{"line":39,"column":6},"end":{"line":39,"column":16}},"18":{"start":{"line":43,"column":2},"end":{"line":49,"column":5}},"19":{"start":{"line":44,"column":4},"end":{"line":48,"column":5}},"20":{"start":{"line":45,"column":6},"end":{"line":45,"column":41}},"21":{"start":{"line":47,"column":6},"end":{"line":47,"column":16}},"22":{"start":{"line":52,"column":0},"end":{"line":52,"column":34}}},"fnMap":{"0":{"name":"(anonymous_0)","decl":{"start":{"line":10,"column":27},"end":{"line":10,"column":28}},"loc":{"start":{"line":10,"column":44},"end":{"line":50,"column":1}}},"1":{"name":"(anonymous_1)","decl":{"start":{"line":11,"column":35},"end":{"line":11,"column":40}},"loc":{"start":{"line":11,"column":60},"end":{"line":17,"column":3}}},"2":{"name":"(anonymous_2)","decl":{"start":{"line":19,"column":34},"end":{"line":19,"column":39}},"loc":{"start":{"line":19,"column":59},"end":{"line":25,"column":3}}},"3":{"name":"(anonymous_3)","decl":{"start":{"line":27,"column":38},"end":{"line":27,"column":43}},"loc":{"start":{"line":27,"column":63},"end":{"line":33,"column":3}}},"4":{"name":"(anonymous_4)","decl":{"start":{"line":35,"column":40},"end":{"line":35,"column":45}},"loc":{"start":{"line":35,"column":65},"end":{"line":41,"column":3}}},"5":{"name":"(anonymous_5)","decl":{"start":{"line":43,"column":41},"end":{"line":43,"column":46}},"loc":{"start":{"line":43,"column":66},"end":{"line":49,"column":3}}}},"branchMap":{},"s":{"0":0,"1":0,"2":0,"3":0,"4":0,"5":0,"6":0,"7":0,"8":0,"9":0,"10":0,"11":0,"12":0,"13":0,"14":0,"15":0,"16":0,"17":0,"18":0,"19":0,"20":0,"21":0,"22":0},"f":{"0":0,"1":0,"2":0,"3":0,"4":0,"5":0},"b":{}}
,"C:\\Users\\USER\\Desktop\\Med App Mgmt Sys\\Backend\\src\\Prescriptions\\prescription.service.ts": {"path":"C:\\Users\\USER\\Desktop\\Med App Mgmt Sys\\Backend\\src\\Prescriptions\\prescription.service.ts","statementMap":{"0":{"start":{"line":1,"column":0},"end":{"line":1,"column":33}},"1":{"start":{"line":2,"column":0},"end":{"line":2,"column":31}},"2":{"start":{"line":3,"column":0},"end":{"line":3,"column":100}},"3":{"start":{"line":6,"column":34},"end":{"line":7,"column":56}},"4":{"start":{"line":7,"column":2},"end":{"line":7,"column":56}},"5":{"start":{"line":6,"column":13},"end":{"line":6,"column":34}},"6":{"start":{"line":10,"column":35},"end":{"line":16,"column":82}},"7":{"start":{"line":11,"column":2},"end":{"line":16,"column":82}},"8":{"start":{"line":10,"column":13},"end":{"line":10,"column":35}},"9":{"start":{"line":19,"column":35},"end":{"line":29,"column":1}},"10":{"start":{"line":20,"column":17},"end":{"line":26,"column":82}},"11":{"start":{"line":28,"column":2},"end":{"line":28,"column":19}},"12":{"start":{"line":19,"column":13},"end":{"line":19,"column":35}},"13":{"start":{"line":32,"column":34},"end":{"line":33,"column":95}},"14":{"start":{"line":33,"column":2},"end":{"line":33,"column":95}},"15":{"start":{"line":32,"column":13},"end":{"line":32,"column":34}},"16":{"start":{"line":36,"column":34},"end":{"line":37,"column":85}},"17":{"start":{"line":37,"column":2},"end":{"line":37,"column":85}},"18":{"start":{"line":36,"column":13},"end":{"line":36,"column":34}}},"fnMap":{"0":{"name":"(anonymous_1)","decl":{"start":{"line":6,"column":34},"end":{"line":6,"column":35}},"loc":{"start":{"line":7,"column":2},"end":{"line":7,"column":56}}},"1":{"name":"(anonymous_2)","decl":{"start":{"line":10,"column":35},"end":{"line":10,"column":38}},"loc":{"start":{"line":11,"column":2},"end":{"line":16,"column":82}}},"2":{"name":"(anonymous_3)","decl":{"start":{"line":19,"column":35},"end":{"line":19,"column":40}},"loc":{"start":{"line":19,"column":56},"end":{"line":29,"column":1}}},"3":{"name":"(anonymous_4)","decl":{"start":{"line":32,"column":34},"end":{"line":32,"column":35}},"loc":{"start":{"line":33,"column":2},"end":{"line":33,"column":95}}},"4":{"name":"(anonymous_5)","decl":{"start":{"line":36,"column":34},"end":{"line":36,"column":35}},"loc":{"start":{"line":37,"column":2},"end":{"line":37,"column":85}}}},"branchMap":{},"s":{"0":2,"1":2,"2":2,"3":2,"4":1,"5":2,"6":2,"7":1,"8":2,"9":2,"10":1,"11":1,"12":2,"13":2,"14":1,"15":2,"16":2,"17":1,"18":2},"f":{"0":1,"1":1,"2":1,"3":1,"4":1},"b":{}}
,"C:\\Users\\USER\\Desktop\\Med App Mgmt Sys\\Backend\\src\\Users\\user.controller.ts": {"path":"C:\\Users\\USER\\Desktop\\Med App Mgmt Sys\\Backend\\src\\Users\\user.controller.ts","statementMap":{"0":{"start":{"line":2,"column":0},"end":{"line":2,"column":46}},"1":{"start":{"line":5,"column":26},"end":{"line":16,"column":1}},"2":{"start":{"line":6,"column":14},"end":{"line":6,"column":24}},"3":{"start":{"line":8,"column":19},"end":{"line":12,"column":4}},"4":{"start":{"line":14,"column":18},"end":{"line":14,"column":56}},"5":{"start":{"line":15,"column":2},"end":{"line":15,"column":32}},"6":{"start":{"line":5,"column":13},"end":{"line":5,"column":26}},"7":{"start":{"line":19,"column":27},"end":{"line":22,"column":1}},"8":{"start":{"line":20,"column":16},"end":{"line":20,"column":47}},"9":{"start":{"line":21,"column":2},"end":{"line":21,"column":18}},"10":{"start":{"line":19,"column":13},"end":{"line":19,"column":27}},"11":{"start":{"line":25,"column":27},"end":{"line":29,"column":1}},"12":{"start":{"line":26,"column":17},"end":{"line":26,"column":27}},"13":{"start":{"line":27,"column":15},"end":{"line":27,"column":56}},"14":{"start":{"line":28,"column":2},"end":{"line":28,"column":17}},"15":{"start":{"line":25,"column":13},"end":{"line":25,"column":27}},"16":{"start":{"line":32,"column":26},"end":{"line":48,"column":1}},"17":{"start":{"line":33,"column":17},"end":{"line":33,"column":27}},"18":{"start":{"line":35,"column":23},"end":{"line":35,"column":64}},"19":{"start":{"line":36,"column":2},"end":{"line":38,"column":3}},"20":{"start":{"line":37,"column":4},"end":{"line":37,"column":63}},"21":{"start":{"line":40,"column":19},"end":{"line":44,"column":4}},"22":{"start":{"line":46,"column":22},"end":{"line":46,"column":72}},"23":{"start":{"line":47,"column":2},"end":{"line":47,"column":24}},"24":{"start":{"line":32,"column":13},"end":{"line":32,"column":26}},"25":{"start":{"line":51,"column":26},"end":{"line":55,"column":1}},"26":{"start":{"line":52,"column":17},"end":{"line":52,"column":27}},"27":{"start":{"line":53,"column":22},"end":{"line":53,"column":62}},"28":{"start":{"line":54,"column":2},"end":{"line":54,"column":24}},"29":{"start":{"line":51,"column":13},"end":{"line":51,"column":26}}},"fnMap":{"0":{"name":"(anonymous_9)","decl":{"start":{"line":5,"column":26},"end":{"line":5,"column":31}},"loc":{"start":{"line":5,"column":64},"end":{"line":16,"column":1}}},"1":{"name":"(anonymous_10)","decl":{"start":{"line":19,"column":27},"end":{"line":19,"column":32}},"loc":{"start":{"line":19,"column":65},"end":{"line":22,"column":1}}},"2":{"name":"(anonymous_11)","decl":{"start":{"line":25,"column":27},"end":{"line":25,"column":32}},"loc":{"start":{"line":25,"column":65},"end":{"line":29,"column":1}}},"3":{"name":"(anonymous_12)","decl":{"start":{"line":32,"column":26},"end":{"line":32,"column":31}},"loc":{"start":{"line":32,"column":64},"end":{"line":48,"column":1}}},"4":{"name":"(anonymous_13)","decl":{"start":{"line":51,"column":26},"end":{"line":51,"column":31}},"loc":{"start":{"line":51,"column":64},"end":{"line":55,"column":1}}}},"branchMap":{"0":{"loc":{"start":{"line":36,"column":2},"end":{"line":38,"column":3}},"type":"if","locations":[{"start":{"line":36,"column":2},"end":{"line":38,"column":3}},{"start":{},"end":{}}]}},"s":{"0":1,"1":1,"2":1,"3":1,"4":1,"5":1,"6":1,"7":1,"8":1,"9":1,"10":1,"11":1,"12":1,"13":1,"14":1,"15":1,"16":1,"17":2,"18":2,"19":2,"20":1,"21":1,"22":1,"23":1,"24":1,"25":1,"26":1,"27":1,"28":1,"29":1},"f":{"0":1,"1":1,"2":1,"3":2,"4":1},"b":{"0":[1,1]}}
,"C:\\Users\\USER\\Desktop\\Med App Mgmt Sys\\Backend\\src\\Users\\user.router.ts": {"path":"C:\\Users\\USER\\Desktop\\Med App Mgmt Sys\\Backend\\src\\Users\\user.router.ts","statementMap":{"0":{"start":{"line":2,"column":0},"end":{"line":2,"column":null}},"1":{"start":{"line":10,"column":19},"end":{"line":55,"column":1}},"2":{"start":{"line":12,"column":2},"end":{"line":18,"column":5}},"3":{"start":{"line":13,"column":4},"end":{"line":17,"column":5}},"4":{"start":{"line":14,"column":6},"end":{"line":14,"column":33}},"5":{"start":{"line":16,"column":6},"end":{"line":16,"column":18}},"6":{"start":{"line":21,"column":2},"end":{"line":27,"column":5}},"7":{"start":{"line":22,"column":4},"end":{"line":26,"column":5}},"8":{"start":{"line":23,"column":6},"end":{"line":23,"column":34}},"9":{"start":{"line":25,"column":6},"end":{"line":25,"column":18}},"10":{"start":{"line":30,"column":2},"end":{"line":36,"column":5}},"11":{"start":{"line":31,"column":4},"end":{"line":35,"column":5}},"12":{"start":{"line":32,"column":6},"end":{"line":32,"column":34}},"13":{"start":{"line":34,"column":6},"end":{"line":34,"column":18}},"14":{"start":{"line":39,"column":2},"end":{"line":45,"column":5}},"15":{"start":{"line":40,"column":4},"end":{"line":44,"column":5}},"16":{"start":{"line":41,"column":6},"end":{"line":41,"column":33}},"17":{"start":{"line":43,"column":6},"end":{"line":43,"column":18}},"18":{"start":{"line":48,"column":2},"end":{"line":54,"column":5}},"19":{"start":{"line":49,"column":4},"end":{"line":53,"column":5}},"20":{"start":{"line":50,"column":6},"end":{"line":50,"column":33}},"21":{"start":{"line":52,"column":6},"end":{"line":52,"column":18}},"22":{"start":{"line":57,"column":0},"end":{"line":57,"column":26}}},"fnMap":{"0":{"name":"(anonymous_0)","decl":{"start":{"line":10,"column":19},"end":{"line":10,"column":20}},"loc":{"start":{"line":10,"column":36},"end":{"line":55,"column":1}}},"1":{"name":"(anonymous_1)","decl":{"start":{"line":12,"column":27},"end":{"line":12,"column":32}},"loc":{"start":{"line":12,"column":52},"end":{"line":18,"column":3}}},"2":{"name":"(anonymous_2)","decl":{"start":{"line":21,"column":26},"end":{"line":21,"column":31}},"loc":{"start":{"line":21,"column":51},"end":{"line":27,"column":3}}},"3":{"name":"(anonymous_3)","decl":{"start":{"line":30,"column":30},"end":{"line":30,"column":35}},"loc":{"start":{"line":30,"column":55},"end":{"line":36,"column":3}}},"4":{"name":"(anonymous_4)","decl":{"start":{"line":39,"column":32},"end":{"line":39,"column":37}},"loc":{"start":{"line":39,"column":57},"end":{"line":45,"column":3}}},"5":{"name":"(anonymous_5)","decl":{"start":{"line":48,"column":33},"end":{"line":48,"column":38}},"loc":{"start":{"line":48,"column":58},"end":{"line":54,"column":3}}}},"branchMap":{},"s":{"0":0,"1":0,"2":0,"3":0,"4":0,"5":0,"6":0,"7":0,"8":0,"9":0,"10":0,"11":0,"12":0,"13":0,"14":0,"15":0,"16":0,"17":0,"18":0,"19":0,"20":0,"21":0,"22":0},"f":{"0":0,"1":0,"2":0,"3":0,"4":0,"5":0},"b":{}}
,"C:\\Users\\USER\\Desktop\\Med App Mgmt Sys\\Backend\\src\\Users\\user.service.ts": {"path":"C:\\Users\\USER\\Desktop\\Med App Mgmt Sys\\Backend\\src\\Users\\user.service.ts","statementMap":{"0":{"start":{"line":1,"column":0},"end":{"line":1,"column":33}},"1":{"start":{"line":2,"column":0},"end":{"line":2,"column":31}},"2":{"start":{"line":3,"column":0},"end":{"line":3,"column":117}},"3":{"start":{"line":6,"column":27},"end":{"line":7,"column":30}},"4":{"start":{"line":7,"column":2},"end":{"line":7,"column":30}},"5":{"start":{"line":6,"column":13},"end":{"line":6,"column":27}},"6":{"start":{"line":10,"column":27},"end":{"line":19,"column":1}},"7":{"start":{"line":11,"column":17},"end":{"line":17,"column":90}},"8":{"start":{"line":18,"column":2},"end":{"line":18,"column":19}},"9":{"start":{"line":10,"column":13},"end":{"line":10,"column":27}},"10":{"start":{"line":23,"column":26},"end":{"line":24,"column":48}},"11":{"start":{"line":24,"column":2},"end":{"line":24,"column":48}},"12":{"start":{"line":23,"column":13},"end":{"line":23,"column":26}},"13":{"start":{"line":27,"column":26},"end":{"line":39,"column":1}},"14":{"start":{"line":28,"column":22},"end":{"line":32,"column":16}},"15":{"start":{"line":34,"column":2},"end":{"line":36,"column":3}},"16":{"start":{"line":35,"column":4},"end":{"line":35,"column":34}},"17":{"start":{"line":38,"column":2},"end":{"line":38,"column":24}},"18":{"start":{"line":27,"column":13},"end":{"line":27,"column":26}},"19":{"start":{"line":42,"column":26},"end":{"line":66,"column":1}},"20":{"start":{"line":43,"column":15},"end":{"line":45,"column":4}},"21":{"start":{"line":47,"column":2},"end":{"line":49,"column":3}},"22":{"start":{"line":48,"column":4},"end":{"line":48,"column":38}},"23":{"start":{"line":51,"column":22},"end":{"line":54,"column":16}},"24":{"start":{"line":57,"column":2},"end":{"line":63,"column":3}},"25":{"start":{"line":58,"column":4},"end":{"line":62,"column":null}},"26":{"start":{"line":65,"column":2},"end":{"line":65,"column":24}},"27":{"start":{"line":42,"column":13},"end":{"line":42,"column":26}},"28":{"start":{"line":70,"column":35},"end":{"line":103,"column":1}},"29":{"start":{"line":71,"column":15},"end":{"line":73,"column":4}},"30":{"start":{"line":75,"column":2},"end":{"line":75,"column":47}},"31":{"start":{"line":75,"column":13},"end":{"line":75,"column":47}},"32":{"start":{"line":78,"column":25},"end":{"line":80,"column":4}},"33":{"start":{"line":82,"column":2},"end":{"line":84,"column":3}},"34":{"start":{"line":83,"column":4},"end":{"line":83,"column":26}},"35":{"start":{"line":87,"column":14},"end":{"line":87,"column":24}},"36":{"start":{"line":88,"column":20},"end":{"line":100,"column":16}},"37":{"start":{"line":102,"column":2},"end":{"line":102,"column":22}},"38":{"start":{"line":70,"column":13},"end":{"line":70,"column":35}}},"fnMap":{"0":{"name":"(anonymous_1)","decl":{"start":{"line":6,"column":27},"end":{"line":6,"column":30}},"loc":{"start":{"line":7,"column":2},"end":{"line":7,"column":30}}},"1":{"name":"(anonymous_2)","decl":{"start":{"line":10,"column":27},"end":{"line":10,"column":32}},"loc":{"start":{"line":10,"column":48},"end":{"line":19,"column":1}}},"2":{"name":"(anonymous_3)","decl":{"start":{"line":23,"column":26},"end":{"line":23,"column":27}},"loc":{"start":{"line":24,"column":2},"end":{"line":24,"column":48}}},"3":{"name":"(anonymous_4)","decl":{"start":{"line":27,"column":26},"end":{"line":27,"column":31}},"loc":{"start":{"line":27,"column":58},"end":{"line":39,"column":1}}},"4":{"name":"(anonymous_5)","decl":{"start":{"line":42,"column":26},"end":{"line":42,"column":31}},"loc":{"start":{"line":42,"column":47},"end":{"line":66,"column":1}}},"5":{"name":"(anonymous_6)","decl":{"start":{"line":70,"column":35},"end":{"line":70,"column":40}},"loc":{"start":{"line":70,"column":60},"end":{"line":103,"column":1}}}},"branchMap":{"0":{"loc":{"start":{"line":34,"column":2},"end":{"line":36,"column":3}},"type":"if","locations":[{"start":{"line":34,"column":2},"end":{"line":36,"column":3}},{"start":{},"end":{}}]},"1":{"loc":{"start":{"line":47,"column":2},"end":{"line":49,"column":3}},"type":"if","locations":[{"start":{"line":47,"column":2},"end":{"line":49,"column":3}},{"start":{},"end":{}}]},"2":{"loc":{"start":{"line":57,"column":2},"end":{"line":63,"column":3}},"type":"if","locations":[{"start":{"line":57,"column":2},"end":{"line":63,"column":3}},{"start":{},"end":{}}]},"3":{"loc":{"start":{"line":75,"column":2},"end":{"line":75,"column":47}},"type":"if","locations":[{"start":{"line":75,"column":2},"end":{"line":75,"column":47}},{"start":{},"end":{}}]},"4":{"loc":{"start":{"line":82,"column":2},"end":{"line":84,"column":3}},"type":"if","locations":[{"start":{"line":82,"column":2},"end":{"line":84,"column":3}},{"start":{},"end":{}}]}},"s":{"0":2,"1":2,"2":2,"3":2,"4":1,"5":2,"6":2,"7":1,"8":1,"9":2,"10":2,"11":1,"12":2,"13":2,"14":2,"15":2,"16":1,"17":2,"18":2,"19":2,"20":2,"21":2,"22":1,"23":1,"24":1,"25":1,"26":1,"27":2,"28":2,"29":0,"30":0,"31":0,"32":0,"33":0,"34":0,"35":0,"36":0,"37":0,"38":2},"f":{"0":1,"1":1,"2":1,"3":2,"4":2,"5":0},"b":{"0":[1,1],"1":[1,1],"2":[1,0],"3":[0,0],"4":[0,0]}}
}
