TN:
SF:src\index.ts
FN:11,(anonymous_1)
FNF:1
FNH:1
FNDA:6,(anonymous_1)
DA:1,6
DA:2,6
DA:3,6
DA:4,6
DA:5,6
DA:6,6
DA:7,6
DA:8,6
DA:9,6
DA:11,6
DA:12,6
DA:14,6
DA:16,6
DA:23,6
DA:24,6
DA:25,6
DA:26,6
DA:27,6
DA:28,6
DA:29,6
DA:31,6
DA:34,6
DA:35,6
LF:23
LH:23
BRF:0
BRH:0
end_of_record
TN:
SF:src\server.ts
FN:4,(anonymous_1)
FNF:1
FNH:0
FNDA:0,(anonymous_1)
DA:2,0
DA:4,0
DA:5,0
LF:3
LH:0
BRF:0
BRH:0
end_of_record
TN:
SF:src\Appointments\appointments.controller.ts
FN:6,(anonymous_9)
FN:43,(anonymous_10)
FN:49,(anonymous_11)
FN:61,(anonymous_12)
FN:81,(anonymous_13)
FNF:5
FNH:5
FNDA:2,(anonymous_9)
FNDA:2,(anonymous_10)
FNDA:5,(anonymous_11)
FNDA:3,(anonymous_12)
FNDA:2,(anonymous_13)
DA:2,7
DA:3,7
DA:6,7
DA:7,2
DA:10,2
DA:11,2
DA:12,2
DA:14,2
DA:22,2
DA:23,2
DA:26,2
DA:36,2
DA:38,2
DA:43,7
DA:44,2
DA:45,2
DA:49,7
DA:50,5
DA:51,5
DA:53,4
DA:54,2
DA:57,2
DA:61,7
DA:62,3
DA:65,3
DA:66,3
DA:67,1
DA:70,2
DA:76,2
DA:77,2
DA:81,7
DA:82,2
DA:83,2
DA:84,2
LF:34
LH:34
BRDA:53,0,0,2
BRDA:53,0,1,2
BRDA:66,1,0,1
BRDA:66,1,1,2
BRF:4
BRH:4
end_of_record
TN:
SF:src\Appointments\appointments.router.ts
FN:10,(anonymous_0)
FN:12,(anonymous_1)
FN:21,(anonymous_2)
FN:30,(anonymous_3)
FN:39,(anonymous_4)
FN:48,(anonymous_5)
FNF:6
FNH:6
FNDA:6,(anonymous_0)
FNDA:1,(anonymous_1)
FNDA:1,(anonymous_2)
FNDA:3,(anonymous_3)
FNDA:1,(anonymous_4)
FNDA:1,(anonymous_5)
DA:2,6
DA:10,6
DA:12,6
DA:13,1
DA:14,1
DA:16,0
DA:21,6
DA:22,1
DA:23,1
DA:25,0
DA:30,6
DA:31,3
DA:32,3
DA:34,1
DA:39,6
DA:40,1
DA:41,1
DA:43,0
DA:48,6
DA:49,1
DA:50,1
DA:52,0
DA:57,6
LF:23
LH:19
BRF:0
BRH:0
end_of_record
TN:
SF:src\Appointments\appointments.service.ts
FN:6,(anonymous_1)
FN:14,(anonymous_2)
FN:29,(anonymous_3)
FN:33,(anonymous_4)
FN:37,(anonymous_5)
FNF:5
FNH:5
FNDA:2,(anonymous_1)
FNDA:5,(anonymous_2)
FNDA:2,(anonymous_3)
FNDA:2,(anonymous_4)
FNDA:2,(anonymous_5)
DA:1,8
DA:2,8
DA:3,8
DA:6,8
DA:7,2
DA:14,8
DA:15,5
DA:25,4
DA:29,8
DA:30,2
DA:33,8
DA:34,2
DA:37,8
DA:38,2
LF:14
LH:14
BRF:0
BRH:0
end_of_record
TN:
SF:src\Auth\auth.controller.ts
FN:9,(anonymous_1)
FN:51,(anonymous_2)
FN:90,(anonymous_3)
FNF:3
FNH:0
FNDA:0,(anonymous_1)
FNDA:0,(anonymous_2)
FNDA:0,(anonymous_3)
DA:2,6
DA:3,6
DA:4,6
DA:5,6
DA:6,6
DA:9,6
DA:10,0
DA:12,0
DA:13,0
DA:14,0
DA:15,0
DA:18,0
DA:19,0
DA:20,0
DA:23,0
DA:24,0
DA:25,0
DA:27,0
DA:28,0
DA:30,0
DA:31,0
DA:42,0
DA:44,0
DA:47,0
DA:51,6
DA:52,0
DA:53,0
DA:54,0
DA:55,0
DA:56,0
DA:59,0
DA:60,0
DA:63,0
DA:64,0
DA:76,0
DA:79,0
DA:81,0
DA:84,0
DA:90,6
DA:91,0
DA:92,0
DA:95,0
DA:96,0
DA:97,0
DA:101,0
DA:102,0
DA:103,0
DA:107,0
DA:117,0
DA:118,0
DA:119,0
DA:121,0
DA:124,0
DA:136,0
LF:54
LH:8
BRDA:28,0,0,0
BRDA:28,0,1,0
BRDA:55,1,0,0
BRDA:55,1,1,0
BRDA:59,2,0,0
BRDA:59,2,1,0
BRDA:96,3,0,0
BRDA:96,3,1,0
BRDA:102,4,0,0
BRDA:102,4,1,0
BRDA:118,5,0,0
BRDA:118,5,1,0
BRF:12
BRH:0
end_of_record
TN:
SF:src\Auth\auth.router.ts
FN:5,(anonymous_0)
FN:8,(anonymous_1)
FN:20,(anonymous_2)
FN:31,(anonymous_3)
FNF:4
FNH:1
FNDA:6,(anonymous_0)
FNDA:0,(anonymous_1)
FNDA:0,(anonymous_2)
FNDA:0,(anonymous_3)
DA:3,6
DA:5,6
DA:7,6
DA:9,0
DA:10,0
DA:12,0
DA:19,6
DA:21,0
DA:22,0
DA:24,0
DA:30,6
DA:32,0
DA:33,0
DA:35,0
DA:42,6
LF:15
LH:6
BRF:0
BRH:0
end_of_record
TN:
SF:src\Auth\auth.service.ts
FN:6,(anonymous_1)
FN:11,(anonymous_2)
FN:17,(anonymous_3)
FN:25,(anonymous_4)
FNF:4
FNH:0
FNDA:0,(anonymous_1)
FNDA:0,(anonymous_2)
FNDA:0,(anonymous_3)
FNDA:0,(anonymous_4)
DA:2,6
DA:3,6
DA:4,6
DA:6,6
DA:7,0
DA:8,0
DA:11,6
DA:12,0
DA:17,6
DA:18,0
DA:25,6
DA:27,0
DA:29,0
LF:13
LH:7
BRF:0
BRH:0
end_of_record
TN:
SF:src\Complaints\complaints.controller.ts
FN:5,(anonymous_9)
FN:19,(anonymous_10)
FN:25,(anonymous_11)
FN:37,(anonymous_12)
FN:56,(anonymous_13)
FNF:5
FNH:5
FNDA:7,(anonymous_9)
FNDA:2,(anonymous_10)
FNDA:6,(anonymous_11)
FNDA:7,(anonymous_12)
FNDA:2,(anonymous_13)
DA:2,7
DA:5,7
DA:6,7
DA:8,7
DA:14,7
DA:15,4
DA:19,7
DA:20,2
DA:21,2
DA:25,7
DA:26,6
DA:27,6
DA:29,5
DA:30,2
DA:33,3
DA:37,7
DA:38,7
DA:40,7
DA:41,7
DA:42,2
DA:45,5
DA:51,5
DA:52,4
DA:56,7
DA:57,2
DA:58,2
DA:59,2
LF:27
LH:27
BRDA:29,0,0,2
BRDA:29,0,1,3
BRDA:41,1,0,2
BRDA:41,1,1,5
BRF:4
BRH:4
end_of_record
TN:
SF:src\Complaints\complaints.router.ts
FN:10,(anonymous_0)
FN:11,(anonymous_1)
FN:19,(anonymous_2)
FN:27,(anonymous_3)
FN:35,(anonymous_4)
FN:43,(anonymous_5)
FNF:6
FNH:6
FNDA:6,(anonymous_0)
FNDA:6,(anonymous_1)
FNDA:1,(anonymous_2)
FNDA:4,(anonymous_3)
FNDA:5,(anonymous_4)
FNDA:1,(anonymous_5)
DA:2,6
DA:10,6
DA:11,6
DA:12,6
DA:13,6
DA:15,3
DA:19,6
DA:20,1
DA:21,1
DA:23,0
DA:27,6
DA:28,4
DA:29,4
DA:31,1
DA:35,6
DA:36,5
DA:37,5
DA:39,1
DA:43,6
DA:44,1
DA:45,1
DA:47,0
DA:52,6
LF:23
LH:21
BRF:0
BRH:0
end_of_record
TN:
SF:src\Complaints\complaints.service.ts
FN:6,(anonymous_1)
FN:9,(anonymous_2)
FN:12,(anonymous_3)
FN:25,(anonymous_4)
FN:29,(anonymous_5)
FNF:5
FNH:5
FNDA:7,(anonymous_1)
FNDA:2,(anonymous_2)
FNDA:10,(anonymous_3)
FNDA:5,(anonymous_4)
FNDA:2,(anonymous_5)
DA:1,8
DA:2,8
DA:3,8
DA:6,8
DA:7,7
DA:9,8
DA:12,8
DA:13,10
DA:20,9
DA:25,8
DA:26,5
DA:29,8
DA:30,2
LF:13
LH:13
BRF:0
BRH:0
end_of_record
TN:
SF:src\Doctors\doctors.controller.ts
FN:5,(anonymous_9)
FN:19,(anonymous_10)
FN:25,(anonymous_11)
FN:38,(anonymous_12)
FN:57,(anonymous_13)
FNF:5
FNH:5
FNDA:2,(anonymous_9)
FNDA:2,(anonymous_10)
FNDA:4,(anonymous_11)
FNDA:2,(anonymous_12)
FNDA:2,(anonymous_13)
DA:2,7
DA:5,7
DA:6,2
DA:8,2
DA:14,2
DA:15,2
DA:19,7
DA:20,2
DA:21,2
DA:25,7
DA:26,4
DA:27,4
DA:29,3
DA:30,1
DA:33,2
DA:38,7
DA:39,2
DA:41,2
DA:46,2
DA:48,2
DA:49,0
DA:52,2
DA:57,7
DA:58,2
DA:59,2
DA:60,2
LF:26
LH:25
BRDA:29,0,0,1
BRDA:29,0,1,2
BRDA:29,1,0,3
BRDA:29,1,1,3
BRDA:48,2,0,0
BRDA:48,2,1,2
BRDA:48,3,0,2
BRDA:48,3,1,2
BRF:8
BRH:7
end_of_record
TN:
SF:src\Doctors\doctors.router.ts
FN:10,(anonymous_0)
FN:12,(anonymous_1)
FN:21,(anonymous_2)
FN:30,(anonymous_3)
FN:39,(anonymous_4)
FN:48,(anonymous_5)
FNF:6
FNH:6
FNDA:6,(anonymous_0)
FNDA:1,(anonymous_1)
FNDA:1,(anonymous_2)
FNDA:3,(anonymous_3)
FNDA:1,(anonymous_4)
FNDA:1,(anonymous_5)
DA:2,6
DA:10,6
DA:12,6
DA:13,1
DA:14,1
DA:16,0
DA:21,6
DA:22,1
DA:23,1
DA:25,0
DA:30,6
DA:31,3
DA:32,3
DA:34,1
DA:39,6
DA:40,1
DA:41,1
DA:43,0
DA:48,6
DA:49,1
DA:50,1
DA:52,0
DA:57,6
LF:23
LH:19
BRF:0
BRH:0
end_of_record
TN:
SF:src\Doctors\doctors.service.ts
FN:6,(anonymous_1)
FN:10,(anonymous_2)
FN:19,(anonymous_3)
FN:23,(anonymous_4)
FN:27,(anonymous_5)
FNF:5
FNH:5
FNDA:2,(anonymous_1)
FNDA:4,(anonymous_2)
FNDA:2,(anonymous_3)
FNDA:2,(anonymous_4)
FNDA:3,(anonymous_5)
DA:1,8
DA:2,8
DA:3,8
DA:6,8
DA:7,2
DA:10,8
DA:11,4
DA:19,8
DA:20,2
DA:23,8
DA:24,2
DA:27,8
DA:28,3
DA:32,3
DA:33,1
DA:35,2
DA:41,2
DA:46,2
DA:47,1
DA:53,2
LF:20
LH:20
BRDA:32,0,0,1
BRDA:32,0,1,2
BRDA:46,1,0,1
BRDA:46,1,1,1
BRF:4
BRH:4
end_of_record
TN:
SF:src\Drizzle\db.ts
FN:11,(anonymous_9)
FN:14,(anonymous_10)
FN:16,(anonymous_11)
FNF:3
FNH:2
FNDA:13,(anonymous_9)
FNDA:6,(anonymous_10)
FNDA:0,(anonymous_11)
DA:1,13
DA:3,13
DA:4,13
DA:5,13
DA:7,13
DA:11,13
DA:12,13
DA:14,13
DA:15,6
DA:17,0
DA:21,13
DA:23,13
LF:12
LH:11
BRF:0
BRH:0
end_of_record
TN:
SF:src\Drizzle\migrate.ts
FN:5,migration
FN:13,(anonymous_10)
FNF:2
FNH:0
FNDA:0,migration
FNDA:0,(anonymous_10)
DA:1,0
DA:2,0
DA:3,0
DA:6,0
DA:7,0
DA:8,0
DA:9,0
DA:10,0
DA:13,0
DA:14,0
DA:15,0
LF:11
LH:0
BRF:0
BRH:0
end_of_record
TN:
SF:src\Drizzle\schema.ts
FN:64,(anonymous_0)
FN:65,(anonymous_1)
FN:79,(anonymous_2)
FN:90,(anonymous_3)
FN:91,(anonymous_4)
FN:92,(anonymous_5)
FN:101,(anonymous_6)
FN:102,(anonymous_7)
FN:116,(anonymous_8)
FN:123,(anonymous_9)
FN:129,(anonymous_10)
FN:144,(anonymous_11)
FN:160,(anonymous_12)
FN:168,(anonymous_13)
FNF:14
FNH:6
FNDA:0,(anonymous_0)
FNDA:0,(anonymous_1)
FNDA:0,(anonymous_2)
FNDA:0,(anonymous_3)
FNDA:0,(anonymous_4)
FNDA:0,(anonymous_5)
FNDA:0,(anonymous_6)
FNDA:0,(anonymous_7)
FNDA:13,(anonymous_8)
FNDA:13,(anonymous_9)
FNDA:13,(anonymous_10)
FNDA:13,(anonymous_11)
FNDA:13,(anonymous_12)
FNDA:13,(anonymous_13)
DA:1,19
DA:14,19
DA:19,19
DA:22,19
DA:25,19
DA:28,19
DA:34,19
DA:49,19
DA:62,19
DA:64,0
DA:65,0
DA:76,19
DA:79,0
DA:88,19
DA:90,0
DA:91,0
DA:92,0
DA:99,19
DA:101,0
DA:102,0
DA:116,19
DA:123,19
DA:129,19
DA:144,19
DA:160,19
DA:168,19
LF:26
LH:18
BRF:0
BRH:0
end_of_record
TN:
SF:src\Mailer\mailer.ts
FN:3,(anonymous_1)
FNF:1
FNH:0
FNDA:0,(anonymous_1)
DA:1,6
DA:3,6
DA:9,0
DA:10,0
DA:21,0
DA:29,0
DA:30,0
DA:32,0
DA:33,0
DA:34,0
DA:35,0
DA:37,0
DA:40,0
LF:13
LH:2
BRDA:32,0,0,0
BRDA:32,0,1,0
BRDA:34,1,0,0
BRDA:34,1,1,0
BRF:4
BRH:0
end_of_record
TN:
SF:src\Payments\payments.controller.ts
FN:5,(anonymous_9)
FN:19,(anonymous_10)
FN:25,(anonymous_11)
FN:37,(anonymous_12)
FN:56,(anonymous_13)
FNF:5
FNH:5
FNDA:4,(anonymous_9)
FNDA:2,(anonymous_10)
FNDA:6,(anonymous_11)
FNDA:4,(anonymous_12)
FNDA:2,(anonymous_13)
DA:2,7
DA:5,7
DA:6,4
DA:8,4
DA:14,4
DA:15,2
DA:19,7
DA:20,2
DA:21,2
DA:25,7
DA:26,6
DA:27,6
DA:29,5
DA:30,2
DA:33,3
DA:37,7
DA:38,4
DA:40,4
DA:41,4
DA:42,2
DA:45,2
DA:51,2
DA:52,2
DA:56,7
DA:57,2
DA:58,2
DA:59,2
LF:27
LH:27
BRDA:29,0,0,2
BRDA:29,0,1,3
BRDA:41,1,0,2
BRDA:41,1,1,2
BRF:4
BRH:4
end_of_record
TN:
SF:src\Payments\payments.router.ts
FN:10,(anonymous_0)
FN:11,(anonymous_1)
FN:19,(anonymous_2)
FN:27,(anonymous_3)
FN:35,(anonymous_4)
FN:43,(anonymous_5)
FNF:6
FNH:6
FNDA:6,(anonymous_0)
FNDA:3,(anonymous_1)
FNDA:1,(anonymous_2)
FNDA:4,(anonymous_3)
FNDA:2,(anonymous_4)
FNDA:1,(anonymous_5)
DA:2,6
DA:10,6
DA:11,6
DA:12,3
DA:13,3
DA:15,2
DA:19,6
DA:20,1
DA:21,1
DA:23,0
DA:27,6
DA:28,4
DA:29,4
DA:31,1
DA:35,6
DA:36,2
DA:37,2
DA:39,0
DA:43,6
DA:44,1
DA:45,1
DA:47,0
DA:52,6
LF:23
LH:20
BRF:0
BRH:0
end_of_record
TN:
SF:src\Payments\payments.service.ts
FN:6,(anonymous_1)
FN:13,(anonymous_2)
FN:24,(anonymous_3)
FN:28,(anonymous_4)
FN:32,(anonymous_5)
FNF:5
FNH:5
FNDA:2,(anonymous_1)
FNDA:7,(anonymous_2)
FNDA:5,(anonymous_3)
FNDA:2,(anonymous_4)
FNDA:2,(anonymous_5)
DA:1,9
DA:2,9
DA:3,9
DA:6,9
DA:7,2
DA:13,9
DA:14,7
DA:20,6
DA:24,9
DA:25,5
DA:28,9
DA:29,2
DA:32,9
DA:33,2
LF:14
LH:14
BRF:0
BRH:0
end_of_record
TN:
SF:src\Prescriptions\prescription.controller.ts
FN:5,(anonymous_9)
FN:19,(anonymous_10)
FN:25,(anonymous_11)
FN:37,(anonymous_12)
FN:56,(anonymous_13)
FNF:5
FNH:5
FNDA:7,(anonymous_9)
FNDA:2,(anonymous_10)
FNDA:7,(anonymous_11)
FNDA:5,(anonymous_12)
FNDA:2,(anonymous_13)
DA:2,7
DA:5,7
DA:6,7
DA:8,7
DA:14,7
DA:15,3
DA:19,7
DA:20,2
DA:21,2
DA:25,7
DA:26,7
DA:27,7
DA:29,6
DA:30,3
DA:33,3
DA:37,7
DA:38,5
DA:40,5
DA:41,5
DA:42,2
DA:45,3
DA:51,3
DA:52,3
DA:56,7
DA:57,2
DA:58,2
DA:59,2
LF:27
LH:27
BRDA:29,0,0,3
BRDA:29,0,1,3
BRDA:41,1,0,2
BRDA:41,1,1,3
BRF:4
BRH:4
end_of_record
TN:
SF:src\Prescriptions\prescription.router.ts
FN:10,(anonymous_0)
FN:11,(anonymous_1)
FN:19,(anonymous_2)
FN:27,(anonymous_3)
FN:35,(anonymous_4)
FN:43,(anonymous_5)
FNF:6
FNH:6
FNDA:6,(anonymous_0)
FNDA:6,(anonymous_1)
FNDA:1,(anonymous_2)
FNDA:5,(anonymous_3)
FNDA:3,(anonymous_4)
FNDA:1,(anonymous_5)
DA:2,6
DA:10,6
DA:11,6
DA:12,6
DA:13,6
DA:15,4
DA:19,6
DA:20,1
DA:21,1
DA:23,0
DA:27,6
DA:28,5
DA:29,5
DA:31,1
DA:35,6
DA:36,3
DA:37,3
DA:39,0
DA:43,6
DA:44,1
DA:45,1
DA:47,0
DA:52,6
LF:23
LH:20
BRF:0
BRH:0
end_of_record
TN:
SF:src\Prescriptions\prescription.service.ts
FN:6,(anonymous_1)
FN:10,(anonymous_2)
FN:19,(anonymous_3)
FN:32,(anonymous_4)
FN:36,(anonymous_5)
FNF:5
FNH:5
FNDA:7,(anonymous_1)
FNDA:2,(anonymous_2)
FNDA:9,(anonymous_3)
FNDA:3,(anonymous_4)
FNDA:2,(anonymous_5)
DA:1,8
DA:2,8
DA:3,8
DA:6,8
DA:7,7
DA:10,8
DA:11,2
DA:19,8
DA:20,9
DA:28,8
DA:32,8
DA:33,3
DA:36,8
DA:37,2
LF:14
LH:14
BRF:0
BRH:0
end_of_record
TN:
SF:src\Users\user.controller.ts
FN:5,(anonymous_9)
FN:21,(anonymous_10)
FN:27,(anonymous_11)
FN:38,(anonymous_12)
FN:57,(anonymous_13)
FNF:5
FNH:5
FNDA:4,(anonymous_9)
FNDA:2,(anonymous_10)
FNDA:4,(anonymous_11)
FNDA:4,(anonymous_12)
FNDA:2,(anonymous_13)
DA:2,7
DA:5,7
DA:6,4
DA:8,4
DA:14,4
DA:15,3
DA:21,7
DA:22,2
DA:23,2
DA:27,7
DA:28,4
DA:29,4
DA:30,3
DA:31,1
DA:33,2
DA:38,7
DA:39,4
DA:41,4
DA:42,4
DA:43,1
DA:46,3
DA:52,3
DA:53,3
DA:57,7
DA:58,2
DA:59,2
DA:60,2
LF:27
LH:27
BRDA:30,0,0,1
BRDA:30,0,1,2
BRDA:42,1,0,1
BRDA:42,1,1,3
BRF:4
BRH:4
end_of_record
TN:
SF:src\Users\user.router.ts
FN:10,(anonymous_0)
FN:12,(anonymous_1)
FN:21,(anonymous_2)
FN:30,(anonymous_3)
FN:39,(anonymous_4)
FN:48,(anonymous_5)
FNF:6
FNH:6
FNDA:6,(anonymous_0)
FNDA:3,(anonymous_1)
FNDA:1,(anonymous_2)
FNDA:3,(anonymous_3)
FNDA:2,(anonymous_4)
FNDA:1,(anonymous_5)
DA:2,6
DA:10,6
DA:12,6
DA:13,3
DA:14,3
DA:16,1
DA:21,6
DA:22,1
DA:23,1
DA:25,0
DA:30,6
DA:31,3
DA:32,3
DA:34,1
DA:39,6
DA:40,2
DA:41,2
DA:43,0
DA:48,6
DA:49,1
DA:50,1
DA:52,0
DA:57,6
LF:23
LH:20
BRF:0
BRH:0
end_of_record
TN:
SF:src\Users\user.service.ts
FN:6,(anonymous_1)
FN:10,(anonymous_2)
FN:23,(anonymous_3)
FN:27,(anonymous_4)
FN:42,(anonymous_5)
FN:70,(anonymous_6)
FNF:6
FNH:6
FNDA:2,(anonymous_1)
FNDA:6,(anonymous_2)
FNDA:4,(anonymous_3)
FNDA:4,(anonymous_4)
FNDA:3,(anonymous_5)
FNDA:1,(anonymous_6)
DA:1,8
DA:2,8
DA:3,8
DA:6,8
DA:7,2
DA:10,8
DA:11,6
DA:18,5
DA:23,8
DA:24,4
DA:27,8
DA:28,4
DA:34,4
DA:35,2
DA:38,4
DA:42,8
DA:43,3
DA:47,3
DA:48,1
DA:51,2
DA:57,2
DA:58,2
DA:65,2
DA:70,8
DA:71,1
DA:75,1
DA:78,1
DA:82,1
DA:83,0
DA:87,1
DA:88,1
DA:102,1
LF:32
LH:31
BRDA:34,0,0,2
BRDA:34,0,1,2
BRDA:47,1,0,1
BRDA:47,1,1,2
BRDA:57,2,0,2
BRDA:57,2,1,0
BRDA:75,3,0,0
BRDA:75,3,1,1
BRDA:82,4,0,0
BRDA:82,4,1,1
BRF:10
BRH:7
end_of_record
